2016-07-19 01:08:40 [scrapy] INFO: Scrapy 1.1.0 started (bot: uou_alarmi)
2016-07-19 01:08:40 [scrapy] INFO: Overridden settings: {'NEWSPIDER_MODULE': 'uou_alarmi.spiders', 'ROBOTSTXT_OBEY': True, 'SPIDER_MODULES': ['uou_alarmi.spiders'], 'LOG_FILE': 'logfile.log', 'BOT_NAME': 'uou_alarmi'}
2016-07-19 01:08:40 [scrapy] INFO: Enabled extensions:
['scrapy.extensions.logstats.LogStats',
 'scrapy.extensions.telnet.TelnetConsole',
 'scrapy.extensions.corestats.CoreStats']
2016-07-19 01:08:40 [scrapy] INFO: Enabled downloader middlewares:
['scrapy.downloadermiddlewares.robotstxt.RobotsTxtMiddleware',
 'scrapy.downloadermiddlewares.httpauth.HttpAuthMiddleware',
 'scrapy.downloadermiddlewares.downloadtimeout.DownloadTimeoutMiddleware',
 'scrapy.downloadermiddlewares.useragent.UserAgentMiddleware',
 'scrapy.downloadermiddlewares.retry.RetryMiddleware',
 'scrapy.downloadermiddlewares.defaultheaders.DefaultHeadersMiddleware',
 'scrapy.downloadermiddlewares.redirect.MetaRefreshMiddleware',
 'scrapy.downloadermiddlewares.httpcompression.HttpCompressionMiddleware',
 'scrapy.downloadermiddlewares.redirect.RedirectMiddleware',
 'scrapy.downloadermiddlewares.cookies.CookiesMiddleware',
 'scrapy.downloadermiddlewares.chunked.ChunkedTransferMiddleware',
 'scrapy.downloadermiddlewares.stats.DownloaderStats']
2016-07-19 01:08:40 [scrapy] INFO: Enabled spider middlewares:
['scrapy.spidermiddlewares.httperror.HttpErrorMiddleware',
 'scrapy.spidermiddlewares.offsite.OffsiteMiddleware',
 'scrapy.spidermiddlewares.referer.RefererMiddleware',
 'scrapy.spidermiddlewares.urllength.UrlLengthMiddleware',
 'scrapy.spidermiddlewares.depth.DepthMiddleware']
2016-07-19 01:08:40 [scrapy] INFO: Enabled item pipelines:
['uou_alarmi.pipelines.UouAlarmiPipeline']
2016-07-19 01:08:40 [scrapy] INFO: Spider opened
2016-07-19 01:08:40 [scrapy] INFO: Crawled 0 pages (at 0 pages/min), scraped 0 items (at 0 items/min)
2016-07-19 01:08:40 [scrapy] DEBUG: Telnet console listening on 127.0.0.1:6023
2016-07-19 01:08:40 [scrapy] DEBUG: Crawled (200) <GET http://www.ulsan.ac.kr/robots.txt> (referer: None)
2016-07-19 01:08:40 [scrapy] DEBUG: Crawled (200) <GET http://www.ulsan.ac.kr/utopia/info/barter/barter.aspx?o=L> (referer: None)
2016-07-19 01:08:41 [scrapy] DEBUG: Crawled (200) <GET http://www.ulsan.ac.kr/utopia/info/room/room.aspx?o=L> (referer: None)
2016-07-19 01:08:41 [scrapy] DEBUG: Crawled (200) <GET http://www.ulsan.ac.kr/utopia/info/arbeit/arbeit.aspx?o=L> (referer: None)
2016-07-19 01:08:41 [scrapy] INFO: Closing spider (finished)
2016-07-19 01:08:41 [scrapy] INFO: Dumping Scrapy stats:
{'downloader/request_bytes': 960,
 'downloader/request_count': 4,
 'downloader/request_method_count/GET': 4,
 'downloader/response_bytes': 30531,
 'downloader/response_count': 4,
 'downloader/response_status_count/200': 4,
 'finish_reason': 'finished',
 'finish_time': datetime.datetime(2016, 7, 18, 16, 8, 41, 162966),
 'log_count/DEBUG': 5,
 'log_count/INFO': 7,
 'response_received_count': 4,
 'scheduler/dequeued': 3,
 'scheduler/dequeued/memory': 3,
 'scheduler/enqueued': 3,
 'scheduler/enqueued/memory': 3,
 'start_time': datetime.datetime(2016, 7, 18, 16, 8, 40, 667096)}
2016-07-19 01:08:41 [scrapy] INFO: Spider closed (finished)
2016-07-19 01:08:58 [scrapy] INFO: Scrapy 1.1.0 started (bot: uou_alarmi)
2016-07-19 01:08:58 [scrapy] INFO: Overridden settings: {'NEWSPIDER_MODULE': 'uou_alarmi.spiders', 'ROBOTSTXT_OBEY': True, 'SPIDER_MODULES': ['uou_alarmi.spiders'], 'LOG_FILE': 'logfile.log', 'BOT_NAME': 'uou_alarmi'}
2016-07-19 01:08:58 [scrapy] INFO: Enabled extensions:
['scrapy.extensions.logstats.LogStats',
 'scrapy.extensions.telnet.TelnetConsole',
 'scrapy.extensions.corestats.CoreStats']
2016-07-19 01:08:58 [scrapy] INFO: Enabled downloader middlewares:
['scrapy.downloadermiddlewares.robotstxt.RobotsTxtMiddleware',
 'scrapy.downloadermiddlewares.httpauth.HttpAuthMiddleware',
 'scrapy.downloadermiddlewares.downloadtimeout.DownloadTimeoutMiddleware',
 'scrapy.downloadermiddlewares.useragent.UserAgentMiddleware',
 'scrapy.downloadermiddlewares.retry.RetryMiddleware',
 'scrapy.downloadermiddlewares.defaultheaders.DefaultHeadersMiddleware',
 'scrapy.downloadermiddlewares.redirect.MetaRefreshMiddleware',
 'scrapy.downloadermiddlewares.httpcompression.HttpCompressionMiddleware',
 'scrapy.downloadermiddlewares.redirect.RedirectMiddleware',
 'scrapy.downloadermiddlewares.cookies.CookiesMiddleware',
 'scrapy.downloadermiddlewares.chunked.ChunkedTransferMiddleware',
 'scrapy.downloadermiddlewares.stats.DownloaderStats']
2016-07-19 01:08:58 [scrapy] INFO: Enabled spider middlewares:
['scrapy.spidermiddlewares.httperror.HttpErrorMiddleware',
 'scrapy.spidermiddlewares.offsite.OffsiteMiddleware',
 'scrapy.spidermiddlewares.referer.RefererMiddleware',
 'scrapy.spidermiddlewares.urllength.UrlLengthMiddleware',
 'scrapy.spidermiddlewares.depth.DepthMiddleware']
2016-07-19 01:08:58 [scrapy] INFO: Enabled item pipelines:
['uou_alarmi.pipelines.UouAlarmiPipeline']
2016-07-19 01:08:58 [scrapy] INFO: Spider opened
2016-07-19 01:08:58 [scrapy] INFO: Crawled 0 pages (at 0 pages/min), scraped 0 items (at 0 items/min)
2016-07-19 01:08:58 [scrapy] DEBUG: Telnet console listening on 127.0.0.1:6023
2016-07-19 01:08:58 [scrapy] DEBUG: Crawled (200) <GET http://www.ulsan.ac.kr/robots.txt> (referer: None)
2016-07-19 01:08:58 [scrapy] DEBUG: Crawled (200) <GET http://www.ulsan.ac.kr/utopia/info/barter/barter.aspx?o=L> (referer: None)
2016-07-19 01:08:58 [scrapy] DEBUG: Crawled (200) <GET http://www.ulsan.ac.kr/utopia/info/room/room.aspx?o=L> (referer: None)
2016-07-19 01:08:58 [scrapy] DEBUG: Crawled (200) <GET http://www.ulsan.ac.kr/utopia/info/arbeit/arbeit.aspx?o=L> (referer: None)
2016-07-19 01:08:58 [scrapy] DEBUG: Scraped from <200 http://www.ulsan.ac.kr/utopia/info/arbeit/arbeit.aspx?o=L>
{'category': 'arbeit',
 'date': u'16.07.18',
 'link': u'arbeit.aspx?o=R&a_no=29999',
 'name': u'\uacfc\uc77c\uac00\uac8c',
 'num': u'29999',
 'title': u'\uc218\uc554\uc2dc\uc7a5 \uccad\uacfc\uac00\uac8c'}
2016-07-19 01:08:58 [scrapy] INFO: Closing spider (finished)
2016-07-19 01:08:58 [scrapy] INFO: Dumping Scrapy stats:
{'downloader/request_bytes': 960,
 'downloader/request_count': 4,
 'downloader/request_method_count/GET': 4,
 'downloader/response_bytes': 30531,
 'downloader/response_count': 4,
 'downloader/response_status_count/200': 4,
 'finish_reason': 'finished',
 'finish_time': datetime.datetime(2016, 7, 18, 16, 8, 58, 946324),
 'item_scraped_count': 1,
 'log_count/DEBUG': 6,
 'log_count/INFO': 7,
 'response_received_count': 4,
 'scheduler/dequeued': 3,
 'scheduler/dequeued/memory': 3,
 'scheduler/enqueued': 3,
 'scheduler/enqueued/memory': 3,
 'start_time': datetime.datetime(2016, 7, 18, 16, 8, 58, 451132)}
2016-07-19 01:08:58 [scrapy] INFO: Spider closed (finished)
2016-07-19 01:14:04 [scrapy] INFO: Scrapy 1.1.0 started (bot: uou_alarmi)
2016-07-19 01:14:04 [scrapy] INFO: Overridden settings: {'NEWSPIDER_MODULE': 'uou_alarmi.spiders', 'ROBOTSTXT_OBEY': True, 'SPIDER_MODULES': ['uou_alarmi.spiders'], 'LOG_FILE': 'logfile.log', 'BOT_NAME': 'uou_alarmi'}
2016-07-19 01:14:04 [scrapy] INFO: Enabled extensions:
['scrapy.extensions.logstats.LogStats',
 'scrapy.extensions.telnet.TelnetConsole',
 'scrapy.extensions.corestats.CoreStats']
2016-07-19 01:14:04 [scrapy] INFO: Enabled downloader middlewares:
['scrapy.downloadermiddlewares.robotstxt.RobotsTxtMiddleware',
 'scrapy.downloadermiddlewares.httpauth.HttpAuthMiddleware',
 'scrapy.downloadermiddlewares.downloadtimeout.DownloadTimeoutMiddleware',
 'scrapy.downloadermiddlewares.useragent.UserAgentMiddleware',
 'scrapy.downloadermiddlewares.retry.RetryMiddleware',
 'scrapy.downloadermiddlewares.defaultheaders.DefaultHeadersMiddleware',
 'scrapy.downloadermiddlewares.redirect.MetaRefreshMiddleware',
 'scrapy.downloadermiddlewares.httpcompression.HttpCompressionMiddleware',
 'scrapy.downloadermiddlewares.redirect.RedirectMiddleware',
 'scrapy.downloadermiddlewares.cookies.CookiesMiddleware',
 'scrapy.downloadermiddlewares.chunked.ChunkedTransferMiddleware',
 'scrapy.downloadermiddlewares.stats.DownloaderStats']
2016-07-19 01:14:04 [scrapy] INFO: Enabled spider middlewares:
['scrapy.spidermiddlewares.httperror.HttpErrorMiddleware',
 'scrapy.spidermiddlewares.offsite.OffsiteMiddleware',
 'scrapy.spidermiddlewares.referer.RefererMiddleware',
 'scrapy.spidermiddlewares.urllength.UrlLengthMiddleware',
 'scrapy.spidermiddlewares.depth.DepthMiddleware']
2016-07-19 01:14:04 [twisted] CRITICAL: Unhandled error in Deferred:
2016-07-19 01:14:04 [twisted] CRITICAL: 
Traceback (most recent call last):
  File "/home/haerakai/.virtualenvs/alarmi/local/lib/python2.7/site-packages/twisted/internet/defer.py", line 1128, in _inlineCallbacks
    result = g.send(result)
  File "/home/haerakai/.virtualenvs/alarmi/local/lib/python2.7/site-packages/scrapy/crawler.py", line 90, in crawl
    six.reraise(*exc_info)
  File "/home/haerakai/.virtualenvs/alarmi/local/lib/python2.7/site-packages/scrapy/crawler.py", line 72, in crawl
    self.engine = self._create_engine()
  File "/home/haerakai/.virtualenvs/alarmi/local/lib/python2.7/site-packages/scrapy/crawler.py", line 97, in _create_engine
    return ExecutionEngine(self, lambda _: self.stop())
  File "/home/haerakai/.virtualenvs/alarmi/local/lib/python2.7/site-packages/scrapy/core/engine.py", line 69, in __init__
    self.scraper = Scraper(crawler)
  File "/home/haerakai/.virtualenvs/alarmi/local/lib/python2.7/site-packages/scrapy/core/scraper.py", line 71, in __init__
    self.itemproc = itemproc_cls.from_crawler(crawler)
  File "/home/haerakai/.virtualenvs/alarmi/local/lib/python2.7/site-packages/scrapy/middleware.py", line 58, in from_crawler
    return cls.from_settings(crawler.settings, crawler)
  File "/home/haerakai/.virtualenvs/alarmi/local/lib/python2.7/site-packages/scrapy/middleware.py", line 40, in from_settings
    mw = mwcls()
  File "/home/haerakai/uou_alarmi/uou_alarmi/pipelines.py", line 25, in __init__
    dispatcher.connect(self.spider_closed, signals.spider_closed)
NameError: global name 'dispatcher' is not defined
2016-07-19 01:15:16 [scrapy] INFO: Scrapy 1.1.0 started (bot: uou_alarmi)
2016-07-19 01:15:16 [scrapy] INFO: Overridden settings: {'NEWSPIDER_MODULE': 'uou_alarmi.spiders', 'ROBOTSTXT_OBEY': True, 'SPIDER_MODULES': ['uou_alarmi.spiders'], 'LOG_FILE': 'logfile.log', 'BOT_NAME': 'uou_alarmi'}
2016-07-19 01:15:16 [scrapy] INFO: Enabled extensions:
['scrapy.extensions.logstats.LogStats',
 'scrapy.extensions.telnet.TelnetConsole',
 'scrapy.extensions.corestats.CoreStats']
2016-07-19 01:15:16 [scrapy] INFO: Enabled downloader middlewares:
['scrapy.downloadermiddlewares.robotstxt.RobotsTxtMiddleware',
 'scrapy.downloadermiddlewares.httpauth.HttpAuthMiddleware',
 'scrapy.downloadermiddlewares.downloadtimeout.DownloadTimeoutMiddleware',
 'scrapy.downloadermiddlewares.useragent.UserAgentMiddleware',
 'scrapy.downloadermiddlewares.retry.RetryMiddleware',
 'scrapy.downloadermiddlewares.defaultheaders.DefaultHeadersMiddleware',
 'scrapy.downloadermiddlewares.redirect.MetaRefreshMiddleware',
 'scrapy.downloadermiddlewares.httpcompression.HttpCompressionMiddleware',
 'scrapy.downloadermiddlewares.redirect.RedirectMiddleware',
 'scrapy.downloadermiddlewares.cookies.CookiesMiddleware',
 'scrapy.downloadermiddlewares.chunked.ChunkedTransferMiddleware',
 'scrapy.downloadermiddlewares.stats.DownloaderStats']
2016-07-19 01:15:16 [scrapy] INFO: Enabled spider middlewares:
['scrapy.spidermiddlewares.httperror.HttpErrorMiddleware',
 'scrapy.spidermiddlewares.offsite.OffsiteMiddleware',
 'scrapy.spidermiddlewares.referer.RefererMiddleware',
 'scrapy.spidermiddlewares.urllength.UrlLengthMiddleware',
 'scrapy.spidermiddlewares.depth.DepthMiddleware']
2016-07-19 01:15:16 [py.warnings] WARNING: /home/haerakai/uou_alarmi/uou_alarmi/pipelines.py:11: ScrapyDeprecationWarning: Importing from scrapy.xlib.pydispatch is deprecated and will no longer be supported in future Scrapy versions. If you just want to connect signals use the from_crawler class method, otherwise import pydispatch directly if needed. See: https://github.com/scrapy/scrapy/issues/1762
  from scrapy.xlib.pydispatch import dispatcher

2016-07-19 01:15:16 [twisted] CRITICAL: Unhandled error in Deferred:
2016-07-19 01:15:16 [twisted] CRITICAL: 
Traceback (most recent call last):
  File "/home/haerakai/.virtualenvs/alarmi/local/lib/python2.7/site-packages/twisted/internet/defer.py", line 1128, in _inlineCallbacks
    result = g.send(result)
  File "/home/haerakai/.virtualenvs/alarmi/local/lib/python2.7/site-packages/scrapy/crawler.py", line 90, in crawl
    six.reraise(*exc_info)
  File "/home/haerakai/.virtualenvs/alarmi/local/lib/python2.7/site-packages/scrapy/crawler.py", line 72, in crawl
    self.engine = self._create_engine()
  File "/home/haerakai/.virtualenvs/alarmi/local/lib/python2.7/site-packages/scrapy/crawler.py", line 97, in _create_engine
    return ExecutionEngine(self, lambda _: self.stop())
  File "/home/haerakai/.virtualenvs/alarmi/local/lib/python2.7/site-packages/scrapy/core/engine.py", line 69, in __init__
    self.scraper = Scraper(crawler)
  File "/home/haerakai/.virtualenvs/alarmi/local/lib/python2.7/site-packages/scrapy/core/scraper.py", line 71, in __init__
    self.itemproc = itemproc_cls.from_crawler(crawler)
  File "/home/haerakai/.virtualenvs/alarmi/local/lib/python2.7/site-packages/scrapy/middleware.py", line 58, in from_crawler
    return cls.from_settings(crawler.settings, crawler)
  File "/home/haerakai/.virtualenvs/alarmi/local/lib/python2.7/site-packages/scrapy/middleware.py", line 40, in from_settings
    mw = mwcls()
  File "/home/haerakai/uou_alarmi/uou_alarmi/pipelines.py", line 26, in __init__
    dispatcher.connect(self.spider_closed, signals.spider_closed)
NameError: global name 'signals' is not defined
2016-07-19 01:15:38 [scrapy] INFO: Scrapy 1.1.0 started (bot: uou_alarmi)
2016-07-19 01:15:38 [scrapy] INFO: Overridden settings: {'NEWSPIDER_MODULE': 'uou_alarmi.spiders', 'ROBOTSTXT_OBEY': True, 'SPIDER_MODULES': ['uou_alarmi.spiders'], 'LOG_FILE': 'logfile.log', 'BOT_NAME': 'uou_alarmi'}
2016-07-19 01:15:38 [scrapy] INFO: Enabled extensions:
['scrapy.extensions.logstats.LogStats',
 'scrapy.extensions.telnet.TelnetConsole',
 'scrapy.extensions.corestats.CoreStats']
2016-07-19 01:15:38 [scrapy] INFO: Enabled downloader middlewares:
['scrapy.downloadermiddlewares.robotstxt.RobotsTxtMiddleware',
 'scrapy.downloadermiddlewares.httpauth.HttpAuthMiddleware',
 'scrapy.downloadermiddlewares.downloadtimeout.DownloadTimeoutMiddleware',
 'scrapy.downloadermiddlewares.useragent.UserAgentMiddleware',
 'scrapy.downloadermiddlewares.retry.RetryMiddleware',
 'scrapy.downloadermiddlewares.defaultheaders.DefaultHeadersMiddleware',
 'scrapy.downloadermiddlewares.redirect.MetaRefreshMiddleware',
 'scrapy.downloadermiddlewares.httpcompression.HttpCompressionMiddleware',
 'scrapy.downloadermiddlewares.redirect.RedirectMiddleware',
 'scrapy.downloadermiddlewares.cookies.CookiesMiddleware',
 'scrapy.downloadermiddlewares.chunked.ChunkedTransferMiddleware',
 'scrapy.downloadermiddlewares.stats.DownloaderStats']
2016-07-19 01:15:38 [scrapy] INFO: Enabled spider middlewares:
['scrapy.spidermiddlewares.httperror.HttpErrorMiddleware',
 'scrapy.spidermiddlewares.offsite.OffsiteMiddleware',
 'scrapy.spidermiddlewares.referer.RefererMiddleware',
 'scrapy.spidermiddlewares.urllength.UrlLengthMiddleware',
 'scrapy.spidermiddlewares.depth.DepthMiddleware']
2016-07-19 01:15:38 [py.warnings] WARNING: /home/haerakai/uou_alarmi/uou_alarmi/pipelines.py:11: ScrapyDeprecationWarning: Importing from scrapy.xlib.pydispatch is deprecated and will no longer be supported in future Scrapy versions. If you just want to connect signals use the from_crawler class method, otherwise import pydispatch directly if needed. See: https://github.com/scrapy/scrapy/issues/1762
  from scrapy.xlib.pydispatch import dispatcher

2016-07-19 01:15:38 [scrapy] INFO: Enabled item pipelines:
['uou_alarmi.pipelines.UouAlarmiPipeline']
2016-07-19 01:15:38 [scrapy] INFO: Spider opened
2016-07-19 01:15:38 [scrapy] INFO: Crawled 0 pages (at 0 pages/min), scraped 0 items (at 0 items/min)
2016-07-19 01:15:38 [scrapy] DEBUG: Telnet console listening on 127.0.0.1:6023
2016-07-19 01:15:38 [scrapy] DEBUG: Crawled (200) <GET http://www.ulsan.ac.kr/robots.txt> (referer: None)
2016-07-19 01:15:39 [scrapy] DEBUG: Crawled (200) <GET http://www.ulsan.ac.kr/utopia/info/barter/barter.aspx?o=L> (referer: None)
2016-07-19 01:15:39 [scrapy] DEBUG: Crawled (200) <GET http://www.ulsan.ac.kr/utopia/info/room/room.aspx?o=L> (referer: None)
2016-07-19 01:15:39 [scrapy] DEBUG: Crawled (200) <GET http://www.ulsan.ac.kr/utopia/info/arbeit/arbeit.aspx?o=L> (referer: None)
2016-07-19 01:15:39 [scrapy] INFO: Closing spider (finished)
2016-07-19 01:15:41 [scrapy] INFO: Dumping Scrapy stats:
{'downloader/request_bytes': 960,
 'downloader/request_count': 4,
 'downloader/request_method_count/GET': 4,
 'downloader/response_bytes': 30534,
 'downloader/response_count': 4,
 'downloader/response_status_count/200': 4,
 'finish_reason': 'finished',
 'finish_time': datetime.datetime(2016, 7, 18, 16, 15, 39, 391684),
 'log_count/DEBUG': 5,
 'log_count/INFO': 7,
 'log_count/WARNING': 1,
 'response_received_count': 4,
 'scheduler/dequeued': 3,
 'scheduler/dequeued/memory': 3,
 'scheduler/enqueued': 3,
 'scheduler/enqueued/memory': 3,
 'start_time': datetime.datetime(2016, 7, 18, 16, 15, 38, 878827)}
2016-07-19 01:15:41 [scrapy] INFO: Spider closed (finished)
