2016-07-18 22:59:25 [scrapy] INFO: Scrapy 1.1.0 started (bot: uou_alarmi)
2016-07-18 22:59:25 [scrapy] INFO: Overridden settings: {'NEWSPIDER_MODULE': 'uou_alarmi.spiders', 'ROBOTSTXT_OBEY': True, 'SPIDER_MODULES': ['uou_alarmi.spiders'], 'LOG_FILE': 'logfile.log', 'BOT_NAME': 'uou_alarmi'}
2016-07-18 22:59:25 [scrapy] INFO: Enabled extensions:
['scrapy.extensions.logstats.LogStats',
 'scrapy.extensions.telnet.TelnetConsole',
 'scrapy.extensions.corestats.CoreStats']
2016-07-18 22:59:25 [scrapy] INFO: Enabled downloader middlewares:
['scrapy.downloadermiddlewares.robotstxt.RobotsTxtMiddleware',
 'scrapy.downloadermiddlewares.httpauth.HttpAuthMiddleware',
 'scrapy.downloadermiddlewares.downloadtimeout.DownloadTimeoutMiddleware',
 'scrapy.downloadermiddlewares.useragent.UserAgentMiddleware',
 'scrapy.downloadermiddlewares.retry.RetryMiddleware',
 'scrapy.downloadermiddlewares.defaultheaders.DefaultHeadersMiddleware',
 'scrapy.downloadermiddlewares.redirect.MetaRefreshMiddleware',
 'scrapy.downloadermiddlewares.httpcompression.HttpCompressionMiddleware',
 'scrapy.downloadermiddlewares.redirect.RedirectMiddleware',
 'scrapy.downloadermiddlewares.cookies.CookiesMiddleware',
 'scrapy.downloadermiddlewares.chunked.ChunkedTransferMiddleware',
 'scrapy.downloadermiddlewares.stats.DownloaderStats']
2016-07-18 22:59:25 [scrapy] INFO: Enabled spider middlewares:
['scrapy.spidermiddlewares.httperror.HttpErrorMiddleware',
 'scrapy.spidermiddlewares.offsite.OffsiteMiddleware',
 'scrapy.spidermiddlewares.referer.RefererMiddleware',
 'scrapy.spidermiddlewares.urllength.UrlLengthMiddleware',
 'scrapy.spidermiddlewares.depth.DepthMiddleware']
2016-07-18 22:59:25 [scrapy] INFO: Enabled item pipelines:
['uou_alarmi.pipelines.UouAlarmiPipeline']
2016-07-18 22:59:25 [scrapy] INFO: Spider opened
2016-07-18 22:59:25 [scrapy] INFO: Crawled 0 pages (at 0 pages/min), scraped 0 items (at 0 items/min)
2016-07-18 22:59:25 [scrapy] DEBUG: Telnet console listening on 127.0.0.1:6023
2016-07-18 22:59:25 [scrapy] ERROR: Error while obtaining start requests
Traceback (most recent call last):
  File "/home/haerakai/.virtualenvs/alarmi/local/lib/python2.7/site-packages/scrapy/core/engine.py", line 126, in _next_request
    request = next(slot.start_requests)
  File "/home/haerakai/uou_alarmi/uou_alarmi/spiders/uou_spider.py", line 21, in start_requests
    except MySQL.Error, e:
NameError: global name 'MySQL' is not defined
2016-07-18 22:59:25 [scrapy] INFO: Closing spider (finished)
2016-07-18 22:59:25 [scrapy] INFO: Dumping Scrapy stats:
{'finish_reason': 'finished',
 'finish_time': datetime.datetime(2016, 7, 18, 13, 59, 25, 472382),
 'log_count/DEBUG': 1,
 'log_count/ERROR': 1,
 'log_count/INFO': 7,
 'start_time': datetime.datetime(2016, 7, 18, 13, 59, 25, 467972)}
2016-07-18 22:59:25 [scrapy] INFO: Spider closed (finished)
2016-07-18 23:00:45 [scrapy] INFO: Scrapy 1.1.0 started (bot: uou_alarmi)
2016-07-18 23:00:45 [scrapy] INFO: Overridden settings: {'NEWSPIDER_MODULE': 'uou_alarmi.spiders', 'ROBOTSTXT_OBEY': True, 'SPIDER_MODULES': ['uou_alarmi.spiders'], 'LOG_FILE': 'logfile.log', 'BOT_NAME': 'uou_alarmi'}
2016-07-18 23:00:45 [scrapy] INFO: Enabled extensions:
['scrapy.extensions.logstats.LogStats',
 'scrapy.extensions.telnet.TelnetConsole',
 'scrapy.extensions.corestats.CoreStats']
2016-07-18 23:00:45 [scrapy] INFO: Enabled downloader middlewares:
['scrapy.downloadermiddlewares.robotstxt.RobotsTxtMiddleware',
 'scrapy.downloadermiddlewares.httpauth.HttpAuthMiddleware',
 'scrapy.downloadermiddlewares.downloadtimeout.DownloadTimeoutMiddleware',
 'scrapy.downloadermiddlewares.useragent.UserAgentMiddleware',
 'scrapy.downloadermiddlewares.retry.RetryMiddleware',
 'scrapy.downloadermiddlewares.defaultheaders.DefaultHeadersMiddleware',
 'scrapy.downloadermiddlewares.redirect.MetaRefreshMiddleware',
 'scrapy.downloadermiddlewares.httpcompression.HttpCompressionMiddleware',
 'scrapy.downloadermiddlewares.redirect.RedirectMiddleware',
 'scrapy.downloadermiddlewares.cookies.CookiesMiddleware',
 'scrapy.downloadermiddlewares.chunked.ChunkedTransferMiddleware',
 'scrapy.downloadermiddlewares.stats.DownloaderStats']
2016-07-18 23:00:45 [scrapy] INFO: Enabled spider middlewares:
['scrapy.spidermiddlewares.httperror.HttpErrorMiddleware',
 'scrapy.spidermiddlewares.offsite.OffsiteMiddleware',
 'scrapy.spidermiddlewares.referer.RefererMiddleware',
 'scrapy.spidermiddlewares.urllength.UrlLengthMiddleware',
 'scrapy.spidermiddlewares.depth.DepthMiddleware']
2016-07-18 23:00:45 [scrapy] INFO: Enabled item pipelines:
['uou_alarmi.pipelines.UouAlarmiPipeline']
2016-07-18 23:00:45 [scrapy] INFO: Spider opened
2016-07-18 23:00:45 [scrapy] INFO: Crawled 0 pages (at 0 pages/min), scraped 0 items (at 0 items/min)
2016-07-18 23:00:45 [scrapy] DEBUG: Telnet console listening on 127.0.0.1:6023
2016-07-18 23:00:45 [scrapy] ERROR: Error while obtaining start requests
Traceback (most recent call last):
  File "/home/haerakai/.virtualenvs/alarmi/local/lib/python2.7/site-packages/scrapy/core/engine.py", line 126, in _next_request
    request = next(slot.start_requests)
  File "/home/haerakai/uou_alarmi/uou_alarmi/spiders/uou_spider.py", line 21, in start_requests
    except MySQL.Error, e:
NameError: global name 'MySQL' is not defined
2016-07-18 23:00:45 [scrapy] INFO: Closing spider (finished)
2016-07-18 23:00:45 [scrapy] INFO: Dumping Scrapy stats:
{'finish_reason': 'finished',
 'finish_time': datetime.datetime(2016, 7, 18, 14, 0, 45, 77438),
 'log_count/DEBUG': 1,
 'log_count/ERROR': 1,
 'log_count/INFO': 7,
 'start_time': datetime.datetime(2016, 7, 18, 14, 0, 45, 73968)}
2016-07-18 23:00:45 [scrapy] INFO: Spider closed (finished)
2016-07-18 23:01:46 [scrapy] INFO: Scrapy 1.1.0 started (bot: uou_alarmi)
2016-07-18 23:01:46 [scrapy] INFO: Overridden settings: {'NEWSPIDER_MODULE': 'uou_alarmi.spiders', 'ROBOTSTXT_OBEY': True, 'SPIDER_MODULES': ['uou_alarmi.spiders'], 'LOG_FILE': 'logfile.log', 'BOT_NAME': 'uou_alarmi'}
2016-07-18 23:01:46 [scrapy] INFO: Enabled extensions:
['scrapy.extensions.logstats.LogStats',
 'scrapy.extensions.telnet.TelnetConsole',
 'scrapy.extensions.corestats.CoreStats']
2016-07-18 23:01:46 [scrapy] INFO: Enabled downloader middlewares:
['scrapy.downloadermiddlewares.robotstxt.RobotsTxtMiddleware',
 'scrapy.downloadermiddlewares.httpauth.HttpAuthMiddleware',
 'scrapy.downloadermiddlewares.downloadtimeout.DownloadTimeoutMiddleware',
 'scrapy.downloadermiddlewares.useragent.UserAgentMiddleware',
 'scrapy.downloadermiddlewares.retry.RetryMiddleware',
 'scrapy.downloadermiddlewares.defaultheaders.DefaultHeadersMiddleware',
 'scrapy.downloadermiddlewares.redirect.MetaRefreshMiddleware',
 'scrapy.downloadermiddlewares.httpcompression.HttpCompressionMiddleware',
 'scrapy.downloadermiddlewares.redirect.RedirectMiddleware',
 'scrapy.downloadermiddlewares.cookies.CookiesMiddleware',
 'scrapy.downloadermiddlewares.chunked.ChunkedTransferMiddleware',
 'scrapy.downloadermiddlewares.stats.DownloaderStats']
2016-07-18 23:01:46 [scrapy] INFO: Enabled spider middlewares:
['scrapy.spidermiddlewares.httperror.HttpErrorMiddleware',
 'scrapy.spidermiddlewares.offsite.OffsiteMiddleware',
 'scrapy.spidermiddlewares.referer.RefererMiddleware',
 'scrapy.spidermiddlewares.urllength.UrlLengthMiddleware',
 'scrapy.spidermiddlewares.depth.DepthMiddleware']
2016-07-18 23:01:46 [scrapy] INFO: Enabled item pipelines:
['uou_alarmi.pipelines.UouAlarmiPipeline']
2016-07-18 23:01:46 [scrapy] INFO: Spider opened
2016-07-18 23:01:46 [scrapy] INFO: Crawled 0 pages (at 0 pages/min), scraped 0 items (at 0 items/min)
2016-07-18 23:01:46 [scrapy] DEBUG: Telnet console listening on 127.0.0.1:6023
2016-07-18 23:01:46 [scrapy] ERROR: Error while obtaining start requests
Traceback (most recent call last):
  File "/home/haerakai/.virtualenvs/alarmi/local/lib/python2.7/site-packages/scrapy/core/engine.py", line 126, in _next_request
    request = next(slot.start_requests)
  File "/home/haerakai/uou_alarmi/uou_alarmi/spiders/uou_spider.py", line 22, in start_requests
    except MySQL.Error, e:
NameError: global name 'MySQL' is not defined
2016-07-18 23:01:46 [scrapy] INFO: Closing spider (finished)
2016-07-18 23:01:46 [scrapy] INFO: Dumping Scrapy stats:
{'finish_reason': 'finished',
 'finish_time': datetime.datetime(2016, 7, 18, 14, 1, 46, 889171),
 'log_count/DEBUG': 1,
 'log_count/ERROR': 1,
 'log_count/INFO': 7,
 'start_time': datetime.datetime(2016, 7, 18, 14, 1, 46, 885745)}
2016-07-18 23:01:46 [scrapy] INFO: Spider closed (finished)
2016-07-18 23:02:04 [scrapy] INFO: Scrapy 1.1.0 started (bot: uou_alarmi)
2016-07-18 23:02:04 [scrapy] INFO: Overridden settings: {'NEWSPIDER_MODULE': 'uou_alarmi.spiders', 'ROBOTSTXT_OBEY': True, 'SPIDER_MODULES': ['uou_alarmi.spiders'], 'LOG_FILE': 'logfile.log', 'BOT_NAME': 'uou_alarmi'}
2016-07-18 23:02:04 [scrapy] INFO: Enabled extensions:
['scrapy.extensions.logstats.LogStats',
 'scrapy.extensions.telnet.TelnetConsole',
 'scrapy.extensions.corestats.CoreStats']
2016-07-18 23:02:04 [scrapy] INFO: Enabled downloader middlewares:
['scrapy.downloadermiddlewares.robotstxt.RobotsTxtMiddleware',
 'scrapy.downloadermiddlewares.httpauth.HttpAuthMiddleware',
 'scrapy.downloadermiddlewares.downloadtimeout.DownloadTimeoutMiddleware',
 'scrapy.downloadermiddlewares.useragent.UserAgentMiddleware',
 'scrapy.downloadermiddlewares.retry.RetryMiddleware',
 'scrapy.downloadermiddlewares.defaultheaders.DefaultHeadersMiddleware',
 'scrapy.downloadermiddlewares.redirect.MetaRefreshMiddleware',
 'scrapy.downloadermiddlewares.httpcompression.HttpCompressionMiddleware',
 'scrapy.downloadermiddlewares.redirect.RedirectMiddleware',
 'scrapy.downloadermiddlewares.cookies.CookiesMiddleware',
 'scrapy.downloadermiddlewares.chunked.ChunkedTransferMiddleware',
 'scrapy.downloadermiddlewares.stats.DownloaderStats']
2016-07-18 23:02:04 [scrapy] INFO: Enabled spider middlewares:
['scrapy.spidermiddlewares.httperror.HttpErrorMiddleware',
 'scrapy.spidermiddlewares.offsite.OffsiteMiddleware',
 'scrapy.spidermiddlewares.referer.RefererMiddleware',
 'scrapy.spidermiddlewares.urllength.UrlLengthMiddleware',
 'scrapy.spidermiddlewares.depth.DepthMiddleware']
2016-07-18 23:02:04 [scrapy] INFO: Enabled item pipelines:
['uou_alarmi.pipelines.UouAlarmiPipeline']
2016-07-18 23:02:04 [scrapy] INFO: Spider opened
2016-07-18 23:02:04 [scrapy] INFO: Crawled 0 pages (at 0 pages/min), scraped 0 items (at 0 items/min)
2016-07-18 23:02:04 [scrapy] DEBUG: Telnet console listening on 127.0.0.1:6023
2016-07-18 23:02:04 [scrapy] ERROR: Error while obtaining start requests
Traceback (most recent call last):
  File "/home/haerakai/.virtualenvs/alarmi/local/lib/python2.7/site-packages/scrapy/core/engine.py", line 126, in _next_request
    request = next(slot.start_requests)
  File "/home/haerakai/uou_alarmi/uou_alarmi/spiders/uou_spider.py", line 23, in start_requests
    except MySQL.Error, e:
NameError: global name 'MySQL' is not defined
2016-07-18 23:02:04 [scrapy] INFO: Closing spider (finished)
2016-07-18 23:02:04 [scrapy] INFO: Dumping Scrapy stats:
{'finish_reason': 'finished',
 'finish_time': datetime.datetime(2016, 7, 18, 14, 2, 4, 917740),
 'log_count/DEBUG': 1,
 'log_count/ERROR': 1,
 'log_count/INFO': 7,
 'start_time': datetime.datetime(2016, 7, 18, 14, 2, 4, 913290)}
2016-07-18 23:02:04 [scrapy] INFO: Spider closed (finished)
2016-07-18 23:02:18 [scrapy] INFO: Scrapy 1.1.0 started (bot: uou_alarmi)
2016-07-18 23:02:18 [scrapy] INFO: Overridden settings: {'NEWSPIDER_MODULE': 'uou_alarmi.spiders', 'ROBOTSTXT_OBEY': True, 'SPIDER_MODULES': ['uou_alarmi.spiders'], 'LOG_FILE': 'logfile.log', 'BOT_NAME': 'uou_alarmi'}
2016-07-18 23:02:18 [scrapy] INFO: Enabled extensions:
['scrapy.extensions.logstats.LogStats',
 'scrapy.extensions.telnet.TelnetConsole',
 'scrapy.extensions.corestats.CoreStats']
2016-07-18 23:02:18 [scrapy] INFO: Enabled downloader middlewares:
['scrapy.downloadermiddlewares.robotstxt.RobotsTxtMiddleware',
 'scrapy.downloadermiddlewares.httpauth.HttpAuthMiddleware',
 'scrapy.downloadermiddlewares.downloadtimeout.DownloadTimeoutMiddleware',
 'scrapy.downloadermiddlewares.useragent.UserAgentMiddleware',
 'scrapy.downloadermiddlewares.retry.RetryMiddleware',
 'scrapy.downloadermiddlewares.defaultheaders.DefaultHeadersMiddleware',
 'scrapy.downloadermiddlewares.redirect.MetaRefreshMiddleware',
 'scrapy.downloadermiddlewares.httpcompression.HttpCompressionMiddleware',
 'scrapy.downloadermiddlewares.redirect.RedirectMiddleware',
 'scrapy.downloadermiddlewares.cookies.CookiesMiddleware',
 'scrapy.downloadermiddlewares.chunked.ChunkedTransferMiddleware',
 'scrapy.downloadermiddlewares.stats.DownloaderStats']
2016-07-18 23:02:18 [scrapy] INFO: Enabled spider middlewares:
['scrapy.spidermiddlewares.httperror.HttpErrorMiddleware',
 'scrapy.spidermiddlewares.offsite.OffsiteMiddleware',
 'scrapy.spidermiddlewares.referer.RefererMiddleware',
 'scrapy.spidermiddlewares.urllength.UrlLengthMiddleware',
 'scrapy.spidermiddlewares.depth.DepthMiddleware']
2016-07-18 23:02:18 [scrapy] INFO: Enabled item pipelines:
['uou_alarmi.pipelines.UouAlarmiPipeline']
2016-07-18 23:02:18 [scrapy] INFO: Spider opened
2016-07-18 23:02:18 [scrapy] INFO: Crawled 0 pages (at 0 pages/min), scraped 0 items (at 0 items/min)
2016-07-18 23:02:18 [scrapy] DEBUG: Telnet console listening on 127.0.0.1:6023
2016-07-18 23:02:18 [scrapy] ERROR: Error while obtaining start requests
Traceback (most recent call last):
  File "/home/haerakai/.virtualenvs/alarmi/local/lib/python2.7/site-packages/scrapy/core/engine.py", line 126, in _next_request
    request = next(slot.start_requests)
  File "/home/haerakai/uou_alarmi/uou_alarmi/spiders/uou_spider.py", line 23, in start_requests
    except MySQL.Error, e:
NameError: global name 'MySQL' is not defined
2016-07-18 23:02:18 [scrapy] INFO: Closing spider (finished)
2016-07-18 23:02:18 [scrapy] INFO: Dumping Scrapy stats:
{'finish_reason': 'finished',
 'finish_time': datetime.datetime(2016, 7, 18, 14, 2, 18, 910979),
 'log_count/DEBUG': 1,
 'log_count/ERROR': 1,
 'log_count/INFO': 7,
 'start_time': datetime.datetime(2016, 7, 18, 14, 2, 18, 906897)}
2016-07-18 23:02:18 [scrapy] INFO: Spider closed (finished)
2016-07-18 23:02:40 [scrapy] INFO: Scrapy 1.1.0 started (bot: uou_alarmi)
2016-07-18 23:02:40 [scrapy] INFO: Overridden settings: {'NEWSPIDER_MODULE': 'uou_alarmi.spiders', 'ROBOTSTXT_OBEY': True, 'SPIDER_MODULES': ['uou_alarmi.spiders'], 'LOG_FILE': 'logfile.log', 'BOT_NAME': 'uou_alarmi'}
2016-07-18 23:02:40 [scrapy] INFO: Enabled extensions:
['scrapy.extensions.logstats.LogStats',
 'scrapy.extensions.telnet.TelnetConsole',
 'scrapy.extensions.corestats.CoreStats']
2016-07-18 23:02:40 [scrapy] INFO: Enabled downloader middlewares:
['scrapy.downloadermiddlewares.robotstxt.RobotsTxtMiddleware',
 'scrapy.downloadermiddlewares.httpauth.HttpAuthMiddleware',
 'scrapy.downloadermiddlewares.downloadtimeout.DownloadTimeoutMiddleware',
 'scrapy.downloadermiddlewares.useragent.UserAgentMiddleware',
 'scrapy.downloadermiddlewares.retry.RetryMiddleware',
 'scrapy.downloadermiddlewares.defaultheaders.DefaultHeadersMiddleware',
 'scrapy.downloadermiddlewares.redirect.MetaRefreshMiddleware',
 'scrapy.downloadermiddlewares.httpcompression.HttpCompressionMiddleware',
 'scrapy.downloadermiddlewares.redirect.RedirectMiddleware',
 'scrapy.downloadermiddlewares.cookies.CookiesMiddleware',
 'scrapy.downloadermiddlewares.chunked.ChunkedTransferMiddleware',
 'scrapy.downloadermiddlewares.stats.DownloaderStats']
2016-07-18 23:02:40 [scrapy] INFO: Enabled spider middlewares:
['scrapy.spidermiddlewares.httperror.HttpErrorMiddleware',
 'scrapy.spidermiddlewares.offsite.OffsiteMiddleware',
 'scrapy.spidermiddlewares.referer.RefererMiddleware',
 'scrapy.spidermiddlewares.urllength.UrlLengthMiddleware',
 'scrapy.spidermiddlewares.depth.DepthMiddleware']
2016-07-18 23:02:40 [scrapy] INFO: Enabled item pipelines:
['uou_alarmi.pipelines.UouAlarmiPipeline']
2016-07-18 23:02:40 [scrapy] INFO: Spider opened
2016-07-18 23:02:40 [scrapy] INFO: Crawled 0 pages (at 0 pages/min), scraped 0 items (at 0 items/min)
2016-07-18 23:02:40 [scrapy] DEBUG: Telnet console listening on 127.0.0.1:6023
2016-07-18 23:02:40 [scrapy] ERROR: Error while obtaining start requests
Traceback (most recent call last):
  File "/home/haerakai/.virtualenvs/alarmi/local/lib/python2.7/site-packages/scrapy/core/engine.py", line 126, in _next_request
    request = next(slot.start_requests)
  File "/home/haerakai/uou_alarmi/uou_alarmi/spiders/uou_spider.py", line 23, in start_requests
    except MySQL.Error, e:
NameError: global name 'MySQL' is not defined
2016-07-18 23:02:40 [scrapy] INFO: Closing spider (finished)
2016-07-18 23:02:40 [scrapy] INFO: Dumping Scrapy stats:
{'finish_reason': 'finished',
 'finish_time': datetime.datetime(2016, 7, 18, 14, 2, 40, 762273),
 'log_count/DEBUG': 1,
 'log_count/ERROR': 1,
 'log_count/INFO': 7,
 'start_time': datetime.datetime(2016, 7, 18, 14, 2, 40, 758428)}
2016-07-18 23:02:40 [scrapy] INFO: Spider closed (finished)
2016-07-18 23:02:57 [scrapy] INFO: Scrapy 1.1.0 started (bot: uou_alarmi)
2016-07-18 23:02:57 [scrapy] INFO: Overridden settings: {'NEWSPIDER_MODULE': 'uou_alarmi.spiders', 'ROBOTSTXT_OBEY': True, 'SPIDER_MODULES': ['uou_alarmi.spiders'], 'LOG_FILE': 'logfile.log', 'BOT_NAME': 'uou_alarmi'}
2016-07-18 23:02:57 [scrapy] INFO: Enabled extensions:
['scrapy.extensions.logstats.LogStats',
 'scrapy.extensions.telnet.TelnetConsole',
 'scrapy.extensions.corestats.CoreStats']
2016-07-18 23:02:57 [scrapy] INFO: Enabled downloader middlewares:
['scrapy.downloadermiddlewares.robotstxt.RobotsTxtMiddleware',
 'scrapy.downloadermiddlewares.httpauth.HttpAuthMiddleware',
 'scrapy.downloadermiddlewares.downloadtimeout.DownloadTimeoutMiddleware',
 'scrapy.downloadermiddlewares.useragent.UserAgentMiddleware',
 'scrapy.downloadermiddlewares.retry.RetryMiddleware',
 'scrapy.downloadermiddlewares.defaultheaders.DefaultHeadersMiddleware',
 'scrapy.downloadermiddlewares.redirect.MetaRefreshMiddleware',
 'scrapy.downloadermiddlewares.httpcompression.HttpCompressionMiddleware',
 'scrapy.downloadermiddlewares.redirect.RedirectMiddleware',
 'scrapy.downloadermiddlewares.cookies.CookiesMiddleware',
 'scrapy.downloadermiddlewares.chunked.ChunkedTransferMiddleware',
 'scrapy.downloadermiddlewares.stats.DownloaderStats']
2016-07-18 23:02:57 [scrapy] INFO: Enabled spider middlewares:
['scrapy.spidermiddlewares.httperror.HttpErrorMiddleware',
 'scrapy.spidermiddlewares.offsite.OffsiteMiddleware',
 'scrapy.spidermiddlewares.referer.RefererMiddleware',
 'scrapy.spidermiddlewares.urllength.UrlLengthMiddleware',
 'scrapy.spidermiddlewares.depth.DepthMiddleware']
2016-07-18 23:02:57 [scrapy] INFO: Enabled item pipelines:
['uou_alarmi.pipelines.UouAlarmiPipeline']
2016-07-18 23:02:57 [scrapy] INFO: Spider opened
2016-07-18 23:02:57 [scrapy] INFO: Crawled 0 pages (at 0 pages/min), scraped 0 items (at 0 items/min)
2016-07-18 23:02:57 [scrapy] DEBUG: Telnet console listening on 127.0.0.1:6023
2016-07-18 23:02:57 [scrapy] ERROR: Error while obtaining start requests
Traceback (most recent call last):
  File "/home/haerakai/.virtualenvs/alarmi/local/lib/python2.7/site-packages/scrapy/core/engine.py", line 126, in _next_request
    request = next(slot.start_requests)
  File "/home/haerakai/uou_alarmi/uou_alarmi/spiders/uou_spider.py", line 23, in start_requests
    except MySQL.Error, e:
NameError: global name 'MySQL' is not defined
2016-07-18 23:02:57 [scrapy] INFO: Closing spider (finished)
2016-07-18 23:02:57 [scrapy] INFO: Dumping Scrapy stats:
{'finish_reason': 'finished',
 'finish_time': datetime.datetime(2016, 7, 18, 14, 2, 57, 367549),
 'log_count/DEBUG': 1,
 'log_count/ERROR': 1,
 'log_count/INFO': 7,
 'start_time': datetime.datetime(2016, 7, 18, 14, 2, 57, 364108)}
2016-07-18 23:02:57 [scrapy] INFO: Spider closed (finished)
2016-07-18 23:04:42 [scrapy] INFO: Scrapy 1.1.0 started (bot: uou_alarmi)
2016-07-18 23:04:42 [scrapy] INFO: Overridden settings: {'NEWSPIDER_MODULE': 'uou_alarmi.spiders', 'ROBOTSTXT_OBEY': True, 'SPIDER_MODULES': ['uou_alarmi.spiders'], 'LOG_FILE': 'logfile.log', 'BOT_NAME': 'uou_alarmi'}
2016-07-18 23:04:42 [scrapy] INFO: Enabled extensions:
['scrapy.extensions.logstats.LogStats',
 'scrapy.extensions.telnet.TelnetConsole',
 'scrapy.extensions.corestats.CoreStats']
2016-07-18 23:04:42 [scrapy] INFO: Enabled downloader middlewares:
['scrapy.downloadermiddlewares.robotstxt.RobotsTxtMiddleware',
 'scrapy.downloadermiddlewares.httpauth.HttpAuthMiddleware',
 'scrapy.downloadermiddlewares.downloadtimeout.DownloadTimeoutMiddleware',
 'scrapy.downloadermiddlewares.useragent.UserAgentMiddleware',
 'scrapy.downloadermiddlewares.retry.RetryMiddleware',
 'scrapy.downloadermiddlewares.defaultheaders.DefaultHeadersMiddleware',
 'scrapy.downloadermiddlewares.redirect.MetaRefreshMiddleware',
 'scrapy.downloadermiddlewares.httpcompression.HttpCompressionMiddleware',
 'scrapy.downloadermiddlewares.redirect.RedirectMiddleware',
 'scrapy.downloadermiddlewares.cookies.CookiesMiddleware',
 'scrapy.downloadermiddlewares.chunked.ChunkedTransferMiddleware',
 'scrapy.downloadermiddlewares.stats.DownloaderStats']
2016-07-18 23:04:42 [scrapy] INFO: Enabled spider middlewares:
['scrapy.spidermiddlewares.httperror.HttpErrorMiddleware',
 'scrapy.spidermiddlewares.offsite.OffsiteMiddleware',
 'scrapy.spidermiddlewares.referer.RefererMiddleware',
 'scrapy.spidermiddlewares.urllength.UrlLengthMiddleware',
 'scrapy.spidermiddlewares.depth.DepthMiddleware']
2016-07-18 23:04:42 [scrapy] INFO: Enabled item pipelines:
['uou_alarmi.pipelines.UouAlarmiPipeline']
2016-07-18 23:04:42 [scrapy] INFO: Spider opened
2016-07-18 23:04:42 [scrapy] INFO: Crawled 0 pages (at 0 pages/min), scraped 0 items (at 0 items/min)
2016-07-18 23:04:42 [scrapy] DEBUG: Telnet console listening on 127.0.0.1:6023
2016-07-18 23:04:42 [scrapy] ERROR: Error while obtaining start requests
Traceback (most recent call last):
  File "/home/haerakai/.virtualenvs/alarmi/local/lib/python2.7/site-packages/scrapy/core/engine.py", line 126, in _next_request
    request = next(slot.start_requests)
  File "/home/haerakai/uou_alarmi/uou_alarmi/spiders/uou_spider.py", line 23, in start_requests
    except MySQL.Error, e:
NameError: global name 'MySQL' is not defined
2016-07-18 23:04:42 [scrapy] INFO: Closing spider (finished)
2016-07-18 23:04:42 [scrapy] INFO: Dumping Scrapy stats:
{'finish_reason': 'finished',
 'finish_time': datetime.datetime(2016, 7, 18, 14, 4, 42, 519437),
 'log_count/DEBUG': 1,
 'log_count/ERROR': 1,
 'log_count/INFO': 7,
 'start_time': datetime.datetime(2016, 7, 18, 14, 4, 42, 516027)}
2016-07-18 23:04:42 [scrapy] INFO: Spider closed (finished)
2016-07-18 23:06:37 [scrapy] INFO: Scrapy 1.1.0 started (bot: uou_alarmi)
2016-07-18 23:06:37 [scrapy] INFO: Overridden settings: {'NEWSPIDER_MODULE': 'uou_alarmi.spiders', 'ROBOTSTXT_OBEY': True, 'SPIDER_MODULES': ['uou_alarmi.spiders'], 'LOG_FILE': 'logfile.log', 'BOT_NAME': 'uou_alarmi'}
2016-07-18 23:06:37 [scrapy] INFO: Enabled extensions:
['scrapy.extensions.logstats.LogStats',
 'scrapy.extensions.telnet.TelnetConsole',
 'scrapy.extensions.corestats.CoreStats']
2016-07-18 23:06:37 [scrapy] INFO: Enabled downloader middlewares:
['scrapy.downloadermiddlewares.robotstxt.RobotsTxtMiddleware',
 'scrapy.downloadermiddlewares.httpauth.HttpAuthMiddleware',
 'scrapy.downloadermiddlewares.downloadtimeout.DownloadTimeoutMiddleware',
 'scrapy.downloadermiddlewares.useragent.UserAgentMiddleware',
 'scrapy.downloadermiddlewares.retry.RetryMiddleware',
 'scrapy.downloadermiddlewares.defaultheaders.DefaultHeadersMiddleware',
 'scrapy.downloadermiddlewares.redirect.MetaRefreshMiddleware',
 'scrapy.downloadermiddlewares.httpcompression.HttpCompressionMiddleware',
 'scrapy.downloadermiddlewares.redirect.RedirectMiddleware',
 'scrapy.downloadermiddlewares.cookies.CookiesMiddleware',
 'scrapy.downloadermiddlewares.chunked.ChunkedTransferMiddleware',
 'scrapy.downloadermiddlewares.stats.DownloaderStats']
2016-07-18 23:06:37 [scrapy] INFO: Enabled spider middlewares:
['scrapy.spidermiddlewares.httperror.HttpErrorMiddleware',
 'scrapy.spidermiddlewares.offsite.OffsiteMiddleware',
 'scrapy.spidermiddlewares.referer.RefererMiddleware',
 'scrapy.spidermiddlewares.urllength.UrlLengthMiddleware',
 'scrapy.spidermiddlewares.depth.DepthMiddleware']
2016-07-18 23:06:37 [scrapy] INFO: Enabled item pipelines:
['uou_alarmi.pipelines.UouAlarmiPipeline']
2016-07-18 23:06:37 [scrapy] INFO: Spider opened
2016-07-18 23:06:37 [scrapy] INFO: Crawled 0 pages (at 0 pages/min), scraped 0 items (at 0 items/min)
2016-07-18 23:06:37 [scrapy] DEBUG: Telnet console listening on 127.0.0.1:6023
2016-07-18 23:06:37 [scrapy] DEBUG: Crawled (200) <GET http://www.ulsan.ac.kr/robots.txt> (referer: None)
2016-07-18 23:06:37 [scrapy] DEBUG: Crawled (200) <GET http://www.ulsan.ac.kr/utopia/info/barter/barter.aspx?o=L> (referer: None)
2016-07-18 23:06:37 [scrapy] DEBUG: Crawled (200) <GET http://www.ulsan.ac.kr/utopia/info/room/room.aspx?o=L> (referer: None)
2016-07-18 23:06:38 [scrapy] DEBUG: Crawled (200) <GET http://www.ulsan.ac.kr/utopia/info/arbeit/arbeit.aspx?o=L> (referer: None)
2016-07-18 23:06:38 [scrapy] INFO: Closing spider (finished)
2016-07-18 23:06:38 [scrapy] INFO: Dumping Scrapy stats:
{'downloader/request_bytes': 960,
 'downloader/request_count': 4,
 'downloader/request_method_count/GET': 4,
 'downloader/response_bytes': 30545,
 'downloader/response_count': 4,
 'downloader/response_status_count/200': 4,
 'finish_reason': 'finished',
 'finish_time': datetime.datetime(2016, 7, 18, 14, 6, 38, 150207),
 'log_count/DEBUG': 5,
 'log_count/INFO': 7,
 'response_received_count': 4,
 'scheduler/dequeued': 3,
 'scheduler/dequeued/memory': 3,
 'scheduler/enqueued': 3,
 'scheduler/enqueued/memory': 3,
 'start_time': datetime.datetime(2016, 7, 18, 14, 6, 37, 644570)}
2016-07-18 23:06:38 [scrapy] INFO: Spider closed (finished)
2016-07-18 23:07:08 [scrapy] INFO: Scrapy 1.1.0 started (bot: uou_alarmi)
2016-07-18 23:07:08 [scrapy] INFO: Overridden settings: {'NEWSPIDER_MODULE': 'uou_alarmi.spiders', 'ROBOTSTXT_OBEY': True, 'SPIDER_MODULES': ['uou_alarmi.spiders'], 'LOG_FILE': 'logfile.log', 'BOT_NAME': 'uou_alarmi'}
2016-07-18 23:07:08 [scrapy] INFO: Enabled extensions:
['scrapy.extensions.logstats.LogStats',
 'scrapy.extensions.telnet.TelnetConsole',
 'scrapy.extensions.corestats.CoreStats']
2016-07-18 23:07:08 [scrapy] INFO: Enabled downloader middlewares:
['scrapy.downloadermiddlewares.robotstxt.RobotsTxtMiddleware',
 'scrapy.downloadermiddlewares.httpauth.HttpAuthMiddleware',
 'scrapy.downloadermiddlewares.downloadtimeout.DownloadTimeoutMiddleware',
 'scrapy.downloadermiddlewares.useragent.UserAgentMiddleware',
 'scrapy.downloadermiddlewares.retry.RetryMiddleware',
 'scrapy.downloadermiddlewares.defaultheaders.DefaultHeadersMiddleware',
 'scrapy.downloadermiddlewares.redirect.MetaRefreshMiddleware',
 'scrapy.downloadermiddlewares.httpcompression.HttpCompressionMiddleware',
 'scrapy.downloadermiddlewares.redirect.RedirectMiddleware',
 'scrapy.downloadermiddlewares.cookies.CookiesMiddleware',
 'scrapy.downloadermiddlewares.chunked.ChunkedTransferMiddleware',
 'scrapy.downloadermiddlewares.stats.DownloaderStats']
2016-07-18 23:07:08 [scrapy] INFO: Enabled spider middlewares:
['scrapy.spidermiddlewares.httperror.HttpErrorMiddleware',
 'scrapy.spidermiddlewares.offsite.OffsiteMiddleware',
 'scrapy.spidermiddlewares.referer.RefererMiddleware',
 'scrapy.spidermiddlewares.urllength.UrlLengthMiddleware',
 'scrapy.spidermiddlewares.depth.DepthMiddleware']
2016-07-18 23:07:08 [scrapy] INFO: Enabled item pipelines:
['uou_alarmi.pipelines.UouAlarmiPipeline']
2016-07-18 23:07:08 [scrapy] INFO: Spider opened
2016-07-18 23:07:08 [scrapy] INFO: Crawled 0 pages (at 0 pages/min), scraped 0 items (at 0 items/min)
2016-07-18 23:07:08 [scrapy] DEBUG: Telnet console listening on 127.0.0.1:6023
2016-07-18 23:07:08 [scrapy] DEBUG: Crawled (200) <GET http://www.ulsan.ac.kr/robots.txt> (referer: None)
2016-07-18 23:07:08 [scrapy] DEBUG: Crawled (200) <GET http://www.ulsan.ac.kr/utopia/info/barter/barter.aspx?o=L> (referer: None)
2016-07-18 23:07:08 [scrapy] DEBUG: Crawled (200) <GET http://www.ulsan.ac.kr/utopia/info/room/room.aspx?o=L> (referer: None)
2016-07-18 23:07:08 [scrapy] DEBUG: Crawled (200) <GET http://www.ulsan.ac.kr/utopia/info/arbeit/arbeit.aspx?o=L> (referer: None)
2016-07-18 23:07:08 [scrapy] INFO: Closing spider (finished)
2016-07-18 23:07:08 [scrapy] INFO: Dumping Scrapy stats:
{'downloader/request_bytes': 960,
 'downloader/request_count': 4,
 'downloader/request_method_count/GET': 4,
 'downloader/response_bytes': 30545,
 'downloader/response_count': 4,
 'downloader/response_status_count/200': 4,
 'finish_reason': 'finished',
 'finish_time': datetime.datetime(2016, 7, 18, 14, 7, 8, 993511),
 'log_count/DEBUG': 5,
 'log_count/INFO': 7,
 'response_received_count': 4,
 'scheduler/dequeued': 3,
 'scheduler/dequeued/memory': 3,
 'scheduler/enqueued': 3,
 'scheduler/enqueued/memory': 3,
 'start_time': datetime.datetime(2016, 7, 18, 14, 7, 8, 490941)}
2016-07-18 23:07:08 [scrapy] INFO: Spider closed (finished)
2016-07-18 23:07:36 [scrapy] INFO: Scrapy 1.1.0 started (bot: uou_alarmi)
2016-07-18 23:07:36 [scrapy] INFO: Overridden settings: {'NEWSPIDER_MODULE': 'uou_alarmi.spiders', 'ROBOTSTXT_OBEY': True, 'SPIDER_MODULES': ['uou_alarmi.spiders'], 'LOG_FILE': 'logfile.log', 'BOT_NAME': 'uou_alarmi'}
2016-07-18 23:07:36 [scrapy] INFO: Enabled extensions:
['scrapy.extensions.logstats.LogStats',
 'scrapy.extensions.telnet.TelnetConsole',
 'scrapy.extensions.corestats.CoreStats']
2016-07-18 23:07:36 [scrapy] INFO: Enabled downloader middlewares:
['scrapy.downloadermiddlewares.robotstxt.RobotsTxtMiddleware',
 'scrapy.downloadermiddlewares.httpauth.HttpAuthMiddleware',
 'scrapy.downloadermiddlewares.downloadtimeout.DownloadTimeoutMiddleware',
 'scrapy.downloadermiddlewares.useragent.UserAgentMiddleware',
 'scrapy.downloadermiddlewares.retry.RetryMiddleware',
 'scrapy.downloadermiddlewares.defaultheaders.DefaultHeadersMiddleware',
 'scrapy.downloadermiddlewares.redirect.MetaRefreshMiddleware',
 'scrapy.downloadermiddlewares.httpcompression.HttpCompressionMiddleware',
 'scrapy.downloadermiddlewares.redirect.RedirectMiddleware',
 'scrapy.downloadermiddlewares.cookies.CookiesMiddleware',
 'scrapy.downloadermiddlewares.chunked.ChunkedTransferMiddleware',
 'scrapy.downloadermiddlewares.stats.DownloaderStats']
2016-07-18 23:07:36 [scrapy] INFO: Enabled spider middlewares:
['scrapy.spidermiddlewares.httperror.HttpErrorMiddleware',
 'scrapy.spidermiddlewares.offsite.OffsiteMiddleware',
 'scrapy.spidermiddlewares.referer.RefererMiddleware',
 'scrapy.spidermiddlewares.urllength.UrlLengthMiddleware',
 'scrapy.spidermiddlewares.depth.DepthMiddleware']
2016-07-18 23:07:36 [scrapy] INFO: Enabled item pipelines:
['uou_alarmi.pipelines.UouAlarmiPipeline']
2016-07-18 23:07:36 [scrapy] INFO: Spider opened
2016-07-18 23:07:36 [scrapy] INFO: Crawled 0 pages (at 0 pages/min), scraped 0 items (at 0 items/min)
2016-07-18 23:07:36 [scrapy] DEBUG: Telnet console listening on 127.0.0.1:6023
2016-07-18 23:07:36 [scrapy] DEBUG: Crawled (200) <GET http://www.ulsan.ac.kr/robots.txt> (referer: None)
2016-07-18 23:07:36 [scrapy] DEBUG: Crawled (200) <GET http://www.ulsan.ac.kr/utopia/info/room/room.aspx?o=L> (referer: None)
2016-07-18 23:07:36 [scrapy] DEBUG: Crawled (200) <GET http://www.ulsan.ac.kr/utopia/info/arbeit/arbeit.aspx?o=L> (referer: None)
2016-07-18 23:07:37 [scrapy] DEBUG: Crawled (200) <GET http://www.ulsan.ac.kr/utopia/info/barter/barter.aspx?o=L> (referer: None)
2016-07-18 23:07:37 [scrapy] INFO: Closing spider (finished)
2016-07-18 23:07:37 [scrapy] INFO: Dumping Scrapy stats:
{'downloader/request_bytes': 960,
 'downloader/request_count': 4,
 'downloader/request_method_count/GET': 4,
 'downloader/response_bytes': 30545,
 'downloader/response_count': 4,
 'downloader/response_status_count/200': 4,
 'finish_reason': 'finished',
 'finish_time': datetime.datetime(2016, 7, 18, 14, 7, 37, 213197),
 'log_count/DEBUG': 5,
 'log_count/INFO': 7,
 'response_received_count': 4,
 'scheduler/dequeued': 3,
 'scheduler/dequeued/memory': 3,
 'scheduler/enqueued': 3,
 'scheduler/enqueued/memory': 3,
 'start_time': datetime.datetime(2016, 7, 18, 14, 7, 36, 323041)}
2016-07-18 23:07:37 [scrapy] INFO: Spider closed (finished)
2016-07-18 23:08:15 [scrapy] INFO: Scrapy 1.1.0 started (bot: uou_alarmi)
2016-07-18 23:08:15 [scrapy] INFO: Overridden settings: {'NEWSPIDER_MODULE': 'uou_alarmi.spiders', 'ROBOTSTXT_OBEY': True, 'SPIDER_MODULES': ['uou_alarmi.spiders'], 'LOG_FILE': 'logfile.log', 'BOT_NAME': 'uou_alarmi'}
2016-07-18 23:08:15 [scrapy] INFO: Enabled extensions:
['scrapy.extensions.logstats.LogStats',
 'scrapy.extensions.telnet.TelnetConsole',
 'scrapy.extensions.corestats.CoreStats']
2016-07-18 23:08:15 [scrapy] INFO: Enabled downloader middlewares:
['scrapy.downloadermiddlewares.robotstxt.RobotsTxtMiddleware',
 'scrapy.downloadermiddlewares.httpauth.HttpAuthMiddleware',
 'scrapy.downloadermiddlewares.downloadtimeout.DownloadTimeoutMiddleware',
 'scrapy.downloadermiddlewares.useragent.UserAgentMiddleware',
 'scrapy.downloadermiddlewares.retry.RetryMiddleware',
 'scrapy.downloadermiddlewares.defaultheaders.DefaultHeadersMiddleware',
 'scrapy.downloadermiddlewares.redirect.MetaRefreshMiddleware',
 'scrapy.downloadermiddlewares.httpcompression.HttpCompressionMiddleware',
 'scrapy.downloadermiddlewares.redirect.RedirectMiddleware',
 'scrapy.downloadermiddlewares.cookies.CookiesMiddleware',
 'scrapy.downloadermiddlewares.chunked.ChunkedTransferMiddleware',
 'scrapy.downloadermiddlewares.stats.DownloaderStats']
2016-07-18 23:08:15 [scrapy] INFO: Enabled spider middlewares:
['scrapy.spidermiddlewares.httperror.HttpErrorMiddleware',
 'scrapy.spidermiddlewares.offsite.OffsiteMiddleware',
 'scrapy.spidermiddlewares.referer.RefererMiddleware',
 'scrapy.spidermiddlewares.urllength.UrlLengthMiddleware',
 'scrapy.spidermiddlewares.depth.DepthMiddleware']
2016-07-18 23:08:15 [scrapy] INFO: Enabled item pipelines:
['uou_alarmi.pipelines.UouAlarmiPipeline']
2016-07-18 23:08:15 [scrapy] INFO: Spider opened
2016-07-18 23:08:15 [scrapy] INFO: Crawled 0 pages (at 0 pages/min), scraped 0 items (at 0 items/min)
2016-07-18 23:08:15 [scrapy] DEBUG: Telnet console listening on 127.0.0.1:6023
2016-07-18 23:08:15 [scrapy] DEBUG: Crawled (200) <GET http://www.ulsan.ac.kr/robots.txt> (referer: None)
2016-07-18 23:08:16 [scrapy] DEBUG: Crawled (200) <GET http://www.ulsan.ac.kr/utopia/info/barter/barter.aspx?o=L> (referer: None)
2016-07-18 23:08:16 [scrapy] DEBUG: Crawled (200) <GET http://www.ulsan.ac.kr/utopia/info/room/room.aspx?o=L> (referer: None)
2016-07-18 23:08:16 [scrapy] DEBUG: Crawled (200) <GET http://www.ulsan.ac.kr/utopia/info/arbeit/arbeit.aspx?o=L> (referer: None)
2016-07-18 23:08:16 [scrapy] INFO: Closing spider (finished)
2016-07-18 23:08:16 [scrapy] INFO: Dumping Scrapy stats:
{'downloader/request_bytes': 960,
 'downloader/request_count': 4,
 'downloader/request_method_count/GET': 4,
 'downloader/response_bytes': 30545,
 'downloader/response_count': 4,
 'downloader/response_status_count/200': 4,
 'finish_reason': 'finished',
 'finish_time': datetime.datetime(2016, 7, 18, 14, 8, 16, 325705),
 'log_count/DEBUG': 5,
 'log_count/INFO': 7,
 'response_received_count': 4,
 'scheduler/dequeued': 3,
 'scheduler/dequeued/memory': 3,
 'scheduler/enqueued': 3,
 'scheduler/enqueued/memory': 3,
 'start_time': datetime.datetime(2016, 7, 18, 14, 8, 15, 807147)}
2016-07-18 23:08:16 [scrapy] INFO: Spider closed (finished)
2016-07-18 23:08:41 [scrapy] INFO: Scrapy 1.1.0 started (bot: uou_alarmi)
2016-07-18 23:08:41 [scrapy] INFO: Overridden settings: {'NEWSPIDER_MODULE': 'uou_alarmi.spiders', 'ROBOTSTXT_OBEY': True, 'SPIDER_MODULES': ['uou_alarmi.spiders'], 'LOG_FILE': 'logfile.log', 'BOT_NAME': 'uou_alarmi'}
2016-07-18 23:08:41 [scrapy] INFO: Enabled extensions:
['scrapy.extensions.logstats.LogStats',
 'scrapy.extensions.telnet.TelnetConsole',
 'scrapy.extensions.corestats.CoreStats']
2016-07-18 23:08:41 [scrapy] INFO: Enabled downloader middlewares:
['scrapy.downloadermiddlewares.robotstxt.RobotsTxtMiddleware',
 'scrapy.downloadermiddlewares.httpauth.HttpAuthMiddleware',
 'scrapy.downloadermiddlewares.downloadtimeout.DownloadTimeoutMiddleware',
 'scrapy.downloadermiddlewares.useragent.UserAgentMiddleware',
 'scrapy.downloadermiddlewares.retry.RetryMiddleware',
 'scrapy.downloadermiddlewares.defaultheaders.DefaultHeadersMiddleware',
 'scrapy.downloadermiddlewares.redirect.MetaRefreshMiddleware',
 'scrapy.downloadermiddlewares.httpcompression.HttpCompressionMiddleware',
 'scrapy.downloadermiddlewares.redirect.RedirectMiddleware',
 'scrapy.downloadermiddlewares.cookies.CookiesMiddleware',
 'scrapy.downloadermiddlewares.chunked.ChunkedTransferMiddleware',
 'scrapy.downloadermiddlewares.stats.DownloaderStats']
2016-07-18 23:08:41 [scrapy] INFO: Enabled spider middlewares:
['scrapy.spidermiddlewares.httperror.HttpErrorMiddleware',
 'scrapy.spidermiddlewares.offsite.OffsiteMiddleware',
 'scrapy.spidermiddlewares.referer.RefererMiddleware',
 'scrapy.spidermiddlewares.urllength.UrlLengthMiddleware',
 'scrapy.spidermiddlewares.depth.DepthMiddleware']
2016-07-18 23:08:41 [scrapy] INFO: Enabled item pipelines:
['uou_alarmi.pipelines.UouAlarmiPipeline']
2016-07-18 23:08:41 [scrapy] INFO: Spider opened
2016-07-18 23:08:41 [scrapy] INFO: Crawled 0 pages (at 0 pages/min), scraped 0 items (at 0 items/min)
2016-07-18 23:08:41 [scrapy] DEBUG: Telnet console listening on 127.0.0.1:6023
2016-07-18 23:08:41 [scrapy] DEBUG: Crawled (200) <GET http://www.ulsan.ac.kr/robots.txt> (referer: None)
2016-07-18 23:08:41 [scrapy] DEBUG: Crawled (200) <GET http://www.ulsan.ac.kr/utopia/info/barter/barter.aspx?o=L> (referer: None)
2016-07-18 23:08:41 [scrapy] DEBUG: Crawled (200) <GET http://www.ulsan.ac.kr/utopia/info/arbeit/arbeit.aspx?o=L> (referer: None)
2016-07-18 23:08:41 [scrapy] ERROR: Error processing {'category': 'barter',
 'date': u'2016.07.18',
 'link': u'barter.aspx?o=R&a_no=28562',
 'name': u'\uae40\ub2e4\uc740',
 'num': u'8023',
 'title': u'\uc2a4\ud53c\ub2dd 3\uac1c\uc6d4 \uc774\uc6a9\uad8c\ud31d\ub2c8\ub2e4!!'}
Traceback (most recent call last):
  File "/home/haerakai/.virtualenvs/alarmi/local/lib/python2.7/site-packages/twisted/internet/defer.py", line 588, in _runCallbacks
    current.result = callback(current.result, *args, **kw)
  File "/home/haerakai/uou_alarmi/uou_alarmi/pipelines.py", line 52, in process_item
    sys.exit(1)
NameError: global name 'sys' is not defined
2016-07-18 23:08:41 [scrapy] ERROR: Error processing {'category': 'barter',
 'date': u'2016.07.18',
 'link': u'barter.aspx?o=R&a_no=28561',
 'name': u'\ub178\uc720\uc9c4',
 'num': u'8022',
 'title': u'\uc778\uc2a4\ud0c1\uc2a47s + \ud544\ub98410\uc7a5 (\uc0c8\uc0c1\ud488) 4\ub9cc5\ucc9c\uc6d0\uc5d0 \ud310\ub9e4\ud569\ub2c8\ub2e4 '}
Traceback (most recent call last):
  File "/home/haerakai/.virtualenvs/alarmi/local/lib/python2.7/site-packages/twisted/internet/defer.py", line 588, in _runCallbacks
    current.result = callback(current.result, *args, **kw)
  File "/home/haerakai/uou_alarmi/uou_alarmi/pipelines.py", line 52, in process_item
    sys.exit(1)
NameError: global name 'sys' is not defined
2016-07-18 23:08:42 [scrapy] DEBUG: Scraped from <200 http://www.ulsan.ac.kr/utopia/info/arbeit/arbeit.aspx?o=L>
{'category': 'arbeit',
 'date': u'16.07.18',
 'link': u'arbeit.aspx?o=R&a_no=29999',
 'name': u'\uacfc\uc77c\uac00\uac8c',
 'num': u'29999',
 'title': u'\uc218\uc554\uc2dc\uc7a5 \uccad\uacfc\uac00\uac8c'}
2016-07-18 23:08:42 [scrapy] DEBUG: Scraped from <200 http://www.ulsan.ac.kr/utopia/info/arbeit/arbeit.aspx?o=L>
{'category': 'arbeit',
 'date': u'16.07.18',
 'link': u'arbeit.aspx?o=R&a_no=29998',
 'name': u'\ubdf0\ub378\ub2e4\uc774\uc5b4\ud2b8',
 'num': u'29998',
 'title': u'\ubdf0\ub378\ub2e4\uc774\uc5b4\ud2b8\ud64d\ubcf4'}
2016-07-18 23:08:42 [scrapy] DEBUG: Crawled (200) <GET http://www.ulsan.ac.kr/utopia/info/room/room.aspx?o=L> (referer: None)
2016-07-18 23:08:42 [scrapy] DEBUG: Scraped from <200 http://www.ulsan.ac.kr/utopia/info/room/room.aspx?o=L>
{'category': 'room',
 'cost': u'200\ub9cc\uc6d0 22',
 'date': u'2016.07.18',
 'link': u'room.aspx?o=R&a_no=20635',
 'location': u'\ud6c4\ubb38 \uacbd\ube44\uc2e4\uc55e',
 'num': u'10289',
 'title': u'\uc6b8\uc0b0\ub300 \ud6c4\ubb38 \uc785\uad6c \uc6d0\ub8f8'}
2016-07-18 23:08:42 [scrapy] DEBUG: Scraped from <200 http://www.ulsan.ac.kr/utopia/info/room/room.aspx?o=L>
{'category': 'room',
 'cost': u'500/43',
 'date': u'2016.07.18',
 'link': u'room.aspx?o=R&a_no=20634',
 'location': u'\uc6b8\uc0b0\uacfc\ud559\ub300 \ud6c4\ubb38',
 'num': u'10288',
 'title': u'\uc6b8\uc0b0\uacfc\ud559\ub300 \ud6c4\ubb38 5\ubd84\uac70\ub9ac \uc6d0\ub8f8 \ub4e4\uc5b4\uc624\uc2e4\ubd84 \u3160\u3160 \uae09\ud558\uac8c \uad6c\ud574\uc694'}
2016-07-18 23:08:42 [scrapy] INFO: Closing spider (finished)
2016-07-18 23:08:42 [scrapy] INFO: Dumping Scrapy stats:
{'downloader/request_bytes': 960,
 'downloader/request_count': 4,
 'downloader/request_method_count/GET': 4,
 'downloader/response_bytes': 30545,
 'downloader/response_count': 4,
 'downloader/response_status_count/200': 4,
 'finish_reason': 'finished',
 'finish_time': datetime.datetime(2016, 7, 18, 14, 8, 42, 341567),
 'item_scraped_count': 4,
 'log_count/DEBUG': 9,
 'log_count/ERROR': 2,
 'log_count/INFO': 7,
 'response_received_count': 4,
 'scheduler/dequeued': 3,
 'scheduler/dequeued/memory': 3,
 'scheduler/enqueued': 3,
 'scheduler/enqueued/memory': 3,
 'start_time': datetime.datetime(2016, 7, 18, 14, 8, 41, 571289)}
2016-07-18 23:08:42 [scrapy] INFO: Spider closed (finished)
2016-07-18 23:09:23 [scrapy] INFO: Scrapy 1.1.0 started (bot: uou_alarmi)
2016-07-18 23:09:23 [scrapy] INFO: Overridden settings: {'NEWSPIDER_MODULE': 'uou_alarmi.spiders', 'ROBOTSTXT_OBEY': True, 'SPIDER_MODULES': ['uou_alarmi.spiders'], 'LOG_FILE': 'logfile.log', 'BOT_NAME': 'uou_alarmi'}
2016-07-18 23:09:23 [scrapy] INFO: Enabled extensions:
['scrapy.extensions.logstats.LogStats',
 'scrapy.extensions.telnet.TelnetConsole',
 'scrapy.extensions.corestats.CoreStats']
2016-07-18 23:09:23 [scrapy] INFO: Enabled downloader middlewares:
['scrapy.downloadermiddlewares.robotstxt.RobotsTxtMiddleware',
 'scrapy.downloadermiddlewares.httpauth.HttpAuthMiddleware',
 'scrapy.downloadermiddlewares.downloadtimeout.DownloadTimeoutMiddleware',
 'scrapy.downloadermiddlewares.useragent.UserAgentMiddleware',
 'scrapy.downloadermiddlewares.retry.RetryMiddleware',
 'scrapy.downloadermiddlewares.defaultheaders.DefaultHeadersMiddleware',
 'scrapy.downloadermiddlewares.redirect.MetaRefreshMiddleware',
 'scrapy.downloadermiddlewares.httpcompression.HttpCompressionMiddleware',
 'scrapy.downloadermiddlewares.redirect.RedirectMiddleware',
 'scrapy.downloadermiddlewares.cookies.CookiesMiddleware',
 'scrapy.downloadermiddlewares.chunked.ChunkedTransferMiddleware',
 'scrapy.downloadermiddlewares.stats.DownloaderStats']
2016-07-18 23:09:23 [scrapy] INFO: Enabled spider middlewares:
['scrapy.spidermiddlewares.httperror.HttpErrorMiddleware',
 'scrapy.spidermiddlewares.offsite.OffsiteMiddleware',
 'scrapy.spidermiddlewares.referer.RefererMiddleware',
 'scrapy.spidermiddlewares.urllength.UrlLengthMiddleware',
 'scrapy.spidermiddlewares.depth.DepthMiddleware']
2016-07-18 23:09:23 [scrapy] INFO: Enabled item pipelines:
['uou_alarmi.pipelines.UouAlarmiPipeline']
2016-07-18 23:09:23 [scrapy] INFO: Spider opened
2016-07-18 23:09:23 [scrapy] INFO: Crawled 0 pages (at 0 pages/min), scraped 0 items (at 0 items/min)
2016-07-18 23:09:23 [scrapy] DEBUG: Telnet console listening on 127.0.0.1:6023
2016-07-18 23:09:23 [scrapy] DEBUG: Crawled (200) <GET http://www.ulsan.ac.kr/robots.txt> (referer: None)
2016-07-18 23:09:23 [scrapy] DEBUG: Crawled (200) <GET http://www.ulsan.ac.kr/utopia/info/barter/barter.aspx?o=L> (referer: None)
2016-07-18 23:09:23 [scrapy] DEBUG: Crawled (200) <GET http://www.ulsan.ac.kr/utopia/info/room/room.aspx?o=L> (referer: None)
2016-07-18 23:09:23 [scrapy] DEBUG: Crawled (200) <GET http://www.ulsan.ac.kr/utopia/info/arbeit/arbeit.aspx?o=L> (referer: None)
2016-07-18 23:09:23 [scrapy] ERROR: Error processing {'category': 'barter',
 'date': u'2016.07.18',
 'link': u'barter.aspx?o=R&a_no=28562',
 'name': u'\uae40\ub2e4\uc740',
 'num': u'8023',
 'title': u'\uc2a4\ud53c\ub2dd 3\uac1c\uc6d4 \uc774\uc6a9\uad8c\ud31d\ub2c8\ub2e4!!'}
Traceback (most recent call last):
  File "/home/haerakai/.virtualenvs/alarmi/local/lib/python2.7/site-packages/twisted/internet/defer.py", line 588, in _runCallbacks
    current.result = callback(current.result, *args, **kw)
  File "/home/haerakai/uou_alarmi/uou_alarmi/pipelines.py", line 52, in process_item
    sys.exit(1)
NameError: global name 'sys' is not defined
2016-07-18 23:09:23 [scrapy] ERROR: Error processing {'category': 'barter',
 'date': u'2016.07.18',
 'link': u'barter.aspx?o=R&a_no=28561',
 'name': u'\ub178\uc720\uc9c4',
 'num': u'8022',
 'title': u'\uc778\uc2a4\ud0c1\uc2a47s + \ud544\ub98410\uc7a5 (\uc0c8\uc0c1\ud488) 4\ub9cc5\ucc9c\uc6d0\uc5d0 \ud310\ub9e4\ud569\ub2c8\ub2e4 '}
Traceback (most recent call last):
  File "/home/haerakai/.virtualenvs/alarmi/local/lib/python2.7/site-packages/twisted/internet/defer.py", line 588, in _runCallbacks
    current.result = callback(current.result, *args, **kw)
  File "/home/haerakai/uou_alarmi/uou_alarmi/pipelines.py", line 52, in process_item
    sys.exit(1)
NameError: global name 'sys' is not defined
2016-07-18 23:09:23 [scrapy] DEBUG: Scraped from <200 http://www.ulsan.ac.kr/utopia/info/room/room.aspx?o=L>
{'category': 'room',
 'cost': u'200\ub9cc\uc6d0 22',
 'date': u'2016.07.18',
 'link': u'room.aspx?o=R&a_no=20635',
 'location': u'\ud6c4\ubb38 \uacbd\ube44\uc2e4\uc55e',
 'num': u'10289',
 'title': u'\uc6b8\uc0b0\ub300 \ud6c4\ubb38 \uc785\uad6c \uc6d0\ub8f8'}
2016-07-18 23:09:23 [scrapy] DEBUG: Scraped from <200 http://www.ulsan.ac.kr/utopia/info/room/room.aspx?o=L>
{'category': 'room',
 'cost': u'500/43',
 'date': u'2016.07.18',
 'link': u'room.aspx?o=R&a_no=20634',
 'location': u'\uc6b8\uc0b0\uacfc\ud559\ub300 \ud6c4\ubb38',
 'num': u'10288',
 'title': u'\uc6b8\uc0b0\uacfc\ud559\ub300 \ud6c4\ubb38 5\ubd84\uac70\ub9ac \uc6d0\ub8f8 \ub4e4\uc5b4\uc624\uc2e4\ubd84 \u3160\u3160 \uae09\ud558\uac8c \uad6c\ud574\uc694'}
2016-07-18 23:09:23 [scrapy] DEBUG: Scraped from <200 http://www.ulsan.ac.kr/utopia/info/arbeit/arbeit.aspx?o=L>
{'category': 'arbeit',
 'date': u'16.07.18',
 'link': u'arbeit.aspx?o=R&a_no=29999',
 'name': u'\uacfc\uc77c\uac00\uac8c',
 'num': u'29999',
 'title': u'\uc218\uc554\uc2dc\uc7a5 \uccad\uacfc\uac00\uac8c'}
2016-07-18 23:09:23 [scrapy] DEBUG: Scraped from <200 http://www.ulsan.ac.kr/utopia/info/arbeit/arbeit.aspx?o=L>
{'category': 'arbeit',
 'date': u'16.07.18',
 'link': u'arbeit.aspx?o=R&a_no=29998',
 'name': u'\ubdf0\ub378\ub2e4\uc774\uc5b4\ud2b8',
 'num': u'29998',
 'title': u'\ubdf0\ub378\ub2e4\uc774\uc5b4\ud2b8\ud64d\ubcf4'}
2016-07-18 23:09:23 [scrapy] INFO: Closing spider (finished)
2016-07-18 23:09:23 [scrapy] INFO: Dumping Scrapy stats:
{'downloader/request_bytes': 960,
 'downloader/request_count': 4,
 'downloader/request_method_count/GET': 4,
 'downloader/response_bytes': 30544,
 'downloader/response_count': 4,
 'downloader/response_status_count/200': 4,
 'finish_reason': 'finished',
 'finish_time': datetime.datetime(2016, 7, 18, 14, 9, 23, 686385),
 'item_scraped_count': 4,
 'log_count/DEBUG': 9,
 'log_count/ERROR': 2,
 'log_count/INFO': 7,
 'response_received_count': 4,
 'scheduler/dequeued': 3,
 'scheduler/dequeued/memory': 3,
 'scheduler/enqueued': 3,
 'scheduler/enqueued/memory': 3,
 'start_time': datetime.datetime(2016, 7, 18, 14, 9, 23, 180441)}
2016-07-18 23:09:23 [scrapy] INFO: Spider closed (finished)
2016-07-18 23:10:14 [scrapy] INFO: Scrapy 1.1.0 started (bot: uou_alarmi)
2016-07-18 23:10:14 [scrapy] INFO: Overridden settings: {'NEWSPIDER_MODULE': 'uou_alarmi.spiders', 'ROBOTSTXT_OBEY': True, 'SPIDER_MODULES': ['uou_alarmi.spiders'], 'LOG_FILE': 'logfile.log', 'BOT_NAME': 'uou_alarmi'}
2016-07-18 23:10:14 [scrapy] INFO: Enabled extensions:
['scrapy.extensions.logstats.LogStats',
 'scrapy.extensions.telnet.TelnetConsole',
 'scrapy.extensions.corestats.CoreStats']
2016-07-18 23:10:14 [scrapy] INFO: Enabled downloader middlewares:
['scrapy.downloadermiddlewares.robotstxt.RobotsTxtMiddleware',
 'scrapy.downloadermiddlewares.httpauth.HttpAuthMiddleware',
 'scrapy.downloadermiddlewares.downloadtimeout.DownloadTimeoutMiddleware',
 'scrapy.downloadermiddlewares.useragent.UserAgentMiddleware',
 'scrapy.downloadermiddlewares.retry.RetryMiddleware',
 'scrapy.downloadermiddlewares.defaultheaders.DefaultHeadersMiddleware',
 'scrapy.downloadermiddlewares.redirect.MetaRefreshMiddleware',
 'scrapy.downloadermiddlewares.httpcompression.HttpCompressionMiddleware',
 'scrapy.downloadermiddlewares.redirect.RedirectMiddleware',
 'scrapy.downloadermiddlewares.cookies.CookiesMiddleware',
 'scrapy.downloadermiddlewares.chunked.ChunkedTransferMiddleware',
 'scrapy.downloadermiddlewares.stats.DownloaderStats']
2016-07-18 23:10:14 [scrapy] INFO: Enabled spider middlewares:
['scrapy.spidermiddlewares.httperror.HttpErrorMiddleware',
 'scrapy.spidermiddlewares.offsite.OffsiteMiddleware',
 'scrapy.spidermiddlewares.referer.RefererMiddleware',
 'scrapy.spidermiddlewares.urllength.UrlLengthMiddleware',
 'scrapy.spidermiddlewares.depth.DepthMiddleware']
2016-07-18 23:10:14 [scrapy] INFO: Enabled item pipelines:
['uou_alarmi.pipelines.UouAlarmiPipeline']
2016-07-18 23:10:14 [scrapy] INFO: Spider opened
2016-07-18 23:10:14 [scrapy] INFO: Crawled 0 pages (at 0 pages/min), scraped 0 items (at 0 items/min)
2016-07-18 23:10:14 [scrapy] DEBUG: Telnet console listening on 127.0.0.1:6023
2016-07-18 23:10:14 [scrapy] DEBUG: Crawled (200) <GET http://www.ulsan.ac.kr/robots.txt> (referer: None)
2016-07-18 23:10:14 [scrapy] DEBUG: Crawled (200) <GET http://www.ulsan.ac.kr/utopia/info/barter/barter.aspx?o=L> (referer: None)
2016-07-18 23:10:14 [scrapy] DEBUG: Crawled (200) <GET http://www.ulsan.ac.kr/utopia/info/room/room.aspx?o=L> (referer: None)
2016-07-18 23:10:15 [scrapy] ERROR: Error processing {'category': 'barter',
 'date': u'2016.07.18',
 'link': u'barter.aspx?o=R&a_no=28562',
 'name': u'\uae40\ub2e4\uc740',
 'num': u'8023',
 'title': u'\uc2a4\ud53c\ub2dd 3\uac1c\uc6d4 \uc774\uc6a9\uad8c\ud31d\ub2c8\ub2e4!!'}
Traceback (most recent call last):
  File "/home/haerakai/.virtualenvs/alarmi/local/lib/python2.7/site-packages/twisted/internet/defer.py", line 588, in _runCallbacks
    current.result = callback(current.result, *args, **kw)
  File "/home/haerakai/uou_alarmi/uou_alarmi/pipelines.py", line 52, in process_item
    sys.exit(1)
NameError: global name 'sys' is not defined
2016-07-18 23:10:15 [scrapy] ERROR: Error processing {'category': 'barter',
 'date': u'2016.07.18',
 'link': u'barter.aspx?o=R&a_no=28561',
 'name': u'\ub178\uc720\uc9c4',
 'num': u'8022',
 'title': u'\uc778\uc2a4\ud0c1\uc2a47s + \ud544\ub98410\uc7a5 (\uc0c8\uc0c1\ud488) 4\ub9cc5\ucc9c\uc6d0\uc5d0 \ud310\ub9e4\ud569\ub2c8\ub2e4 '}
Traceback (most recent call last):
  File "/home/haerakai/.virtualenvs/alarmi/local/lib/python2.7/site-packages/twisted/internet/defer.py", line 588, in _runCallbacks
    current.result = callback(current.result, *args, **kw)
  File "/home/haerakai/uou_alarmi/uou_alarmi/pipelines.py", line 52, in process_item
    sys.exit(1)
NameError: global name 'sys' is not defined
2016-07-18 23:10:15 [scrapy] DEBUG: Scraped from <200 http://www.ulsan.ac.kr/utopia/info/room/room.aspx?o=L>
{'category': 'room',
 'cost': u'200\ub9cc\uc6d0 22',
 'date': u'2016.07.18',
 'link': u'room.aspx?o=R&a_no=20635',
 'location': u'\ud6c4\ubb38 \uacbd\ube44\uc2e4\uc55e',
 'num': u'10289',
 'title': u'\uc6b8\uc0b0\ub300 \ud6c4\ubb38 \uc785\uad6c \uc6d0\ub8f8'}
2016-07-18 23:10:15 [scrapy] DEBUG: Scraped from <200 http://www.ulsan.ac.kr/utopia/info/room/room.aspx?o=L>
{'category': 'room',
 'cost': u'500/43',
 'date': u'2016.07.18',
 'link': u'room.aspx?o=R&a_no=20634',
 'location': u'\uc6b8\uc0b0\uacfc\ud559\ub300 \ud6c4\ubb38',
 'num': u'10288',
 'title': u'\uc6b8\uc0b0\uacfc\ud559\ub300 \ud6c4\ubb38 5\ubd84\uac70\ub9ac \uc6d0\ub8f8 \ub4e4\uc5b4\uc624\uc2e4\ubd84 \u3160\u3160 \uae09\ud558\uac8c \uad6c\ud574\uc694'}
2016-07-18 23:10:15 [scrapy] DEBUG: Crawled (200) <GET http://www.ulsan.ac.kr/utopia/info/arbeit/arbeit.aspx?o=L> (referer: None)
2016-07-18 23:10:15 [scrapy] DEBUG: Scraped from <200 http://www.ulsan.ac.kr/utopia/info/arbeit/arbeit.aspx?o=L>
{'category': 'arbeit',
 'date': u'16.07.18',
 'link': u'arbeit.aspx?o=R&a_no=29999',
 'name': u'\uacfc\uc77c\uac00\uac8c',
 'num': u'29999',
 'title': u'\uc218\uc554\uc2dc\uc7a5 \uccad\uacfc\uac00\uac8c'}
2016-07-18 23:10:15 [scrapy] DEBUG: Scraped from <200 http://www.ulsan.ac.kr/utopia/info/arbeit/arbeit.aspx?o=L>
{'category': 'arbeit',
 'date': u'16.07.18',
 'link': u'arbeit.aspx?o=R&a_no=29998',
 'name': u'\ubdf0\ub378\ub2e4\uc774\uc5b4\ud2b8',
 'num': u'29998',
 'title': u'\ubdf0\ub378\ub2e4\uc774\uc5b4\ud2b8\ud64d\ubcf4'}
2016-07-18 23:10:15 [scrapy] INFO: Closing spider (finished)
2016-07-18 23:10:15 [scrapy] INFO: Dumping Scrapy stats:
{'downloader/request_bytes': 960,
 'downloader/request_count': 4,
 'downloader/request_method_count/GET': 4,
 'downloader/response_bytes': 30547,
 'downloader/response_count': 4,
 'downloader/response_status_count/200': 4,
 'finish_reason': 'finished',
 'finish_time': datetime.datetime(2016, 7, 18, 14, 10, 15, 241533),
 'item_scraped_count': 4,
 'log_count/DEBUG': 9,
 'log_count/ERROR': 2,
 'log_count/INFO': 7,
 'response_received_count': 4,
 'scheduler/dequeued': 3,
 'scheduler/dequeued/memory': 3,
 'scheduler/enqueued': 3,
 'scheduler/enqueued/memory': 3,
 'start_time': datetime.datetime(2016, 7, 18, 14, 10, 14, 541451)}
2016-07-18 23:10:15 [scrapy] INFO: Spider closed (finished)
2016-07-18 23:11:22 [scrapy] INFO: Scrapy 1.1.0 started (bot: uou_alarmi)
2016-07-18 23:11:22 [scrapy] INFO: Overridden settings: {'NEWSPIDER_MODULE': 'uou_alarmi.spiders', 'ROBOTSTXT_OBEY': True, 'SPIDER_MODULES': ['uou_alarmi.spiders'], 'LOG_FILE': 'logfile.log', 'BOT_NAME': 'uou_alarmi'}
2016-07-18 23:11:22 [scrapy] INFO: Enabled extensions:
['scrapy.extensions.logstats.LogStats',
 'scrapy.extensions.telnet.TelnetConsole',
 'scrapy.extensions.corestats.CoreStats']
2016-07-18 23:11:22 [scrapy] INFO: Enabled downloader middlewares:
['scrapy.downloadermiddlewares.robotstxt.RobotsTxtMiddleware',
 'scrapy.downloadermiddlewares.httpauth.HttpAuthMiddleware',
 'scrapy.downloadermiddlewares.downloadtimeout.DownloadTimeoutMiddleware',
 'scrapy.downloadermiddlewares.useragent.UserAgentMiddleware',
 'scrapy.downloadermiddlewares.retry.RetryMiddleware',
 'scrapy.downloadermiddlewares.defaultheaders.DefaultHeadersMiddleware',
 'scrapy.downloadermiddlewares.redirect.MetaRefreshMiddleware',
 'scrapy.downloadermiddlewares.httpcompression.HttpCompressionMiddleware',
 'scrapy.downloadermiddlewares.redirect.RedirectMiddleware',
 'scrapy.downloadermiddlewares.cookies.CookiesMiddleware',
 'scrapy.downloadermiddlewares.chunked.ChunkedTransferMiddleware',
 'scrapy.downloadermiddlewares.stats.DownloaderStats']
2016-07-18 23:11:22 [scrapy] INFO: Enabled spider middlewares:
['scrapy.spidermiddlewares.httperror.HttpErrorMiddleware',
 'scrapy.spidermiddlewares.offsite.OffsiteMiddleware',
 'scrapy.spidermiddlewares.referer.RefererMiddleware',
 'scrapy.spidermiddlewares.urllength.UrlLengthMiddleware',
 'scrapy.spidermiddlewares.depth.DepthMiddleware']
2016-07-18 23:11:22 [scrapy] INFO: Enabled item pipelines:
['uou_alarmi.pipelines.UouAlarmiPipeline']
2016-07-18 23:11:22 [scrapy] INFO: Spider opened
2016-07-18 23:11:22 [scrapy] INFO: Crawled 0 pages (at 0 pages/min), scraped 0 items (at 0 items/min)
2016-07-18 23:11:22 [scrapy] DEBUG: Telnet console listening on 127.0.0.1:6023
2016-07-18 23:11:22 [scrapy] DEBUG: Crawled (200) <GET http://www.ulsan.ac.kr/robots.txt> (referer: None)
2016-07-18 23:11:23 [scrapy] DEBUG: Crawled (200) <GET http://www.ulsan.ac.kr/utopia/info/barter/barter.aspx?o=L> (referer: None)
2016-07-18 23:11:23 [scrapy] DEBUG: Crawled (200) <GET http://www.ulsan.ac.kr/utopia/info/arbeit/arbeit.aspx?o=L> (referer: None)
2016-07-18 23:11:23 [scrapy] DEBUG: Crawled (200) <GET http://www.ulsan.ac.kr/utopia/info/room/room.aspx?o=L> (referer: None)
2016-07-18 23:11:23 [scrapy] DEBUG: Scraped from <200 http://www.ulsan.ac.kr/utopia/info/barter/barter.aspx?o=L>
{'category': 'barter',
 'date': u'2016.07.18',
 'link': u'barter.aspx?o=R&a_no=28562',
 'name': u'\uae40\ub2e4\uc740',
 'num': u'8023',
 'title': u'\uc2a4\ud53c\ub2dd 3\uac1c\uc6d4 \uc774\uc6a9\uad8c\ud31d\ub2c8\ub2e4!!'}
2016-07-18 23:11:23 [scrapy] DEBUG: Scraped from <200 http://www.ulsan.ac.kr/utopia/info/barter/barter.aspx?o=L>
{'category': 'barter',
 'date': u'2016.07.18',
 'link': u'barter.aspx?o=R&a_no=28561',
 'name': u'\ub178\uc720\uc9c4',
 'num': u'8022',
 'title': u'\uc778\uc2a4\ud0c1\uc2a47s + \ud544\ub98410\uc7a5 (\uc0c8\uc0c1\ud488) 4\ub9cc5\ucc9c\uc6d0\uc5d0 \ud310\ub9e4\ud569\ub2c8\ub2e4 '}
2016-07-18 23:11:23 [scrapy] DEBUG: Scraped from <200 http://www.ulsan.ac.kr/utopia/info/arbeit/arbeit.aspx?o=L>
{'category': 'arbeit',
 'date': u'16.07.18',
 'link': u'arbeit.aspx?o=R&a_no=29999',
 'name': u'\uacfc\uc77c\uac00\uac8c',
 'num': u'29999',
 'title': u'\uc218\uc554\uc2dc\uc7a5 \uccad\uacfc\uac00\uac8c'}
2016-07-18 23:11:23 [scrapy] DEBUG: Scraped from <200 http://www.ulsan.ac.kr/utopia/info/arbeit/arbeit.aspx?o=L>
{'category': 'arbeit',
 'date': u'16.07.18',
 'link': u'arbeit.aspx?o=R&a_no=29998',
 'name': u'\ubdf0\ub378\ub2e4\uc774\uc5b4\ud2b8',
 'num': u'29998',
 'title': u'\ubdf0\ub378\ub2e4\uc774\uc5b4\ud2b8\ud64d\ubcf4'}
2016-07-18 23:11:23 [scrapy] DEBUG: Scraped from <200 http://www.ulsan.ac.kr/utopia/info/room/room.aspx?o=L>
{'category': 'room',
 'cost': u'200\ub9cc\uc6d0 22',
 'date': u'2016.07.18',
 'link': u'room.aspx?o=R&a_no=20635',
 'location': u'\ud6c4\ubb38 \uacbd\ube44\uc2e4\uc55e',
 'num': u'10289',
 'title': u'\uc6b8\uc0b0\ub300 \ud6c4\ubb38 \uc785\uad6c \uc6d0\ub8f8'}
2016-07-18 23:11:23 [scrapy] DEBUG: Scraped from <200 http://www.ulsan.ac.kr/utopia/info/room/room.aspx?o=L>
{'category': 'room',
 'cost': u'500/43',
 'date': u'2016.07.18',
 'link': u'room.aspx?o=R&a_no=20634',
 'location': u'\uc6b8\uc0b0\uacfc\ud559\ub300 \ud6c4\ubb38',
 'num': u'10288',
 'title': u'\uc6b8\uc0b0\uacfc\ud559\ub300 \ud6c4\ubb38 5\ubd84\uac70\ub9ac \uc6d0\ub8f8 \ub4e4\uc5b4\uc624\uc2e4\ubd84 \u3160\u3160 \uae09\ud558\uac8c \uad6c\ud574\uc694'}
2016-07-18 23:11:23 [scrapy] INFO: Closing spider (finished)
2016-07-18 23:11:23 [scrapy] INFO: Dumping Scrapy stats:
{'downloader/request_bytes': 960,
 'downloader/request_count': 4,
 'downloader/request_method_count/GET': 4,
 'downloader/response_bytes': 30543,
 'downloader/response_count': 4,
 'downloader/response_status_count/200': 4,
 'finish_reason': 'finished',
 'finish_time': datetime.datetime(2016, 7, 18, 14, 11, 23, 498373),
 'item_scraped_count': 6,
 'log_count/DEBUG': 11,
 'log_count/INFO': 7,
 'response_received_count': 4,
 'scheduler/dequeued': 3,
 'scheduler/dequeued/memory': 3,
 'scheduler/enqueued': 3,
 'scheduler/enqueued/memory': 3,
 'start_time': datetime.datetime(2016, 7, 18, 14, 11, 22, 974794)}
2016-07-18 23:11:23 [scrapy] INFO: Spider closed (finished)
2016-07-18 23:12:25 [scrapy] INFO: Scrapy 1.1.0 started (bot: uou_alarmi)
2016-07-18 23:12:25 [scrapy] INFO: Overridden settings: {'NEWSPIDER_MODULE': 'uou_alarmi.spiders', 'ROBOTSTXT_OBEY': True, 'SPIDER_MODULES': ['uou_alarmi.spiders'], 'LOG_FILE': 'logfile.log', 'BOT_NAME': 'uou_alarmi'}
2016-07-18 23:12:25 [scrapy] INFO: Enabled extensions:
['scrapy.extensions.logstats.LogStats',
 'scrapy.extensions.telnet.TelnetConsole',
 'scrapy.extensions.corestats.CoreStats']
2016-07-18 23:12:25 [scrapy] INFO: Enabled downloader middlewares:
['scrapy.downloadermiddlewares.robotstxt.RobotsTxtMiddleware',
 'scrapy.downloadermiddlewares.httpauth.HttpAuthMiddleware',
 'scrapy.downloadermiddlewares.downloadtimeout.DownloadTimeoutMiddleware',
 'scrapy.downloadermiddlewares.useragent.UserAgentMiddleware',
 'scrapy.downloadermiddlewares.retry.RetryMiddleware',
 'scrapy.downloadermiddlewares.defaultheaders.DefaultHeadersMiddleware',
 'scrapy.downloadermiddlewares.redirect.MetaRefreshMiddleware',
 'scrapy.downloadermiddlewares.httpcompression.HttpCompressionMiddleware',
 'scrapy.downloadermiddlewares.redirect.RedirectMiddleware',
 'scrapy.downloadermiddlewares.cookies.CookiesMiddleware',
 'scrapy.downloadermiddlewares.chunked.ChunkedTransferMiddleware',
 'scrapy.downloadermiddlewares.stats.DownloaderStats']
2016-07-18 23:12:25 [scrapy] INFO: Enabled spider middlewares:
['scrapy.spidermiddlewares.httperror.HttpErrorMiddleware',
 'scrapy.spidermiddlewares.offsite.OffsiteMiddleware',
 'scrapy.spidermiddlewares.referer.RefererMiddleware',
 'scrapy.spidermiddlewares.urllength.UrlLengthMiddleware',
 'scrapy.spidermiddlewares.depth.DepthMiddleware']
2016-07-18 23:12:25 [twisted] CRITICAL: Unhandled error in Deferred:
2016-07-18 23:12:25 [twisted] CRITICAL: 
Traceback (most recent call last):
  File "/home/haerakai/.virtualenvs/alarmi/local/lib/python2.7/site-packages/twisted/internet/defer.py", line 1128, in _inlineCallbacks
    result = g.send(result)
  File "/home/haerakai/.virtualenvs/alarmi/local/lib/python2.7/site-packages/scrapy/crawler.py", line 90, in crawl
    six.reraise(*exc_info)
  File "/home/haerakai/.virtualenvs/alarmi/local/lib/python2.7/site-packages/scrapy/crawler.py", line 72, in crawl
    self.engine = self._create_engine()
  File "/home/haerakai/.virtualenvs/alarmi/local/lib/python2.7/site-packages/scrapy/crawler.py", line 97, in _create_engine
    return ExecutionEngine(self, lambda _: self.stop())
  File "/home/haerakai/.virtualenvs/alarmi/local/lib/python2.7/site-packages/scrapy/core/engine.py", line 69, in __init__
    self.scraper = Scraper(crawler)
  File "/home/haerakai/.virtualenvs/alarmi/local/lib/python2.7/site-packages/scrapy/core/scraper.py", line 71, in __init__
    self.itemproc = itemproc_cls.from_crawler(crawler)
  File "/home/haerakai/.virtualenvs/alarmi/local/lib/python2.7/site-packages/scrapy/middleware.py", line 58, in from_crawler
    return cls.from_settings(crawler.settings, crawler)
  File "/home/haerakai/.virtualenvs/alarmi/local/lib/python2.7/site-packages/scrapy/middleware.py", line 40, in from_settings
    mw = mwcls()
  File "/home/haerakai/uou_alarmi/uou_alarmi/pipelines.py", line 22, in __init__
    sys.exit(1)
NameError: global name 'sys' is not defined
2016-07-18 23:12:57 [scrapy] INFO: Scrapy 1.1.0 started (bot: uou_alarmi)
2016-07-18 23:12:57 [scrapy] INFO: Overridden settings: {'NEWSPIDER_MODULE': 'uou_alarmi.spiders', 'ROBOTSTXT_OBEY': True, 'SPIDER_MODULES': ['uou_alarmi.spiders'], 'LOG_FILE': 'logfile.log', 'BOT_NAME': 'uou_alarmi'}
2016-07-18 23:12:57 [scrapy] INFO: Enabled extensions:
['scrapy.extensions.logstats.LogStats',
 'scrapy.extensions.telnet.TelnetConsole',
 'scrapy.extensions.corestats.CoreStats']
2016-07-18 23:12:57 [scrapy] INFO: Enabled downloader middlewares:
['scrapy.downloadermiddlewares.robotstxt.RobotsTxtMiddleware',
 'scrapy.downloadermiddlewares.httpauth.HttpAuthMiddleware',
 'scrapy.downloadermiddlewares.downloadtimeout.DownloadTimeoutMiddleware',
 'scrapy.downloadermiddlewares.useragent.UserAgentMiddleware',
 'scrapy.downloadermiddlewares.retry.RetryMiddleware',
 'scrapy.downloadermiddlewares.defaultheaders.DefaultHeadersMiddleware',
 'scrapy.downloadermiddlewares.redirect.MetaRefreshMiddleware',
 'scrapy.downloadermiddlewares.httpcompression.HttpCompressionMiddleware',
 'scrapy.downloadermiddlewares.redirect.RedirectMiddleware',
 'scrapy.downloadermiddlewares.cookies.CookiesMiddleware',
 'scrapy.downloadermiddlewares.chunked.ChunkedTransferMiddleware',
 'scrapy.downloadermiddlewares.stats.DownloaderStats']
2016-07-18 23:12:57 [scrapy] INFO: Enabled spider middlewares:
['scrapy.spidermiddlewares.httperror.HttpErrorMiddleware',
 'scrapy.spidermiddlewares.offsite.OffsiteMiddleware',
 'scrapy.spidermiddlewares.referer.RefererMiddleware',
 'scrapy.spidermiddlewares.urllength.UrlLengthMiddleware',
 'scrapy.spidermiddlewares.depth.DepthMiddleware']
2016-07-18 23:12:57 [twisted] CRITICAL: Unhandled error in Deferred:
2016-07-18 23:12:57 [twisted] CRITICAL: 
Traceback (most recent call last):
  File "/home/haerakai/.virtualenvs/alarmi/local/lib/python2.7/site-packages/twisted/internet/defer.py", line 1128, in _inlineCallbacks
    result = g.send(result)
  File "/home/haerakai/.virtualenvs/alarmi/local/lib/python2.7/site-packages/scrapy/crawler.py", line 90, in crawl
    six.reraise(*exc_info)
  File "/home/haerakai/.virtualenvs/alarmi/local/lib/python2.7/site-packages/scrapy/crawler.py", line 72, in crawl
    self.engine = self._create_engine()
  File "/home/haerakai/.virtualenvs/alarmi/local/lib/python2.7/site-packages/scrapy/crawler.py", line 97, in _create_engine
    return ExecutionEngine(self, lambda _: self.stop())
  File "/home/haerakai/.virtualenvs/alarmi/local/lib/python2.7/site-packages/scrapy/core/engine.py", line 69, in __init__
    self.scraper = Scraper(crawler)
  File "/home/haerakai/.virtualenvs/alarmi/local/lib/python2.7/site-packages/scrapy/core/scraper.py", line 71, in __init__
    self.itemproc = itemproc_cls.from_crawler(crawler)
  File "/home/haerakai/.virtualenvs/alarmi/local/lib/python2.7/site-packages/scrapy/middleware.py", line 58, in from_crawler
    return cls.from_settings(crawler.settings, crawler)
  File "/home/haerakai/.virtualenvs/alarmi/local/lib/python2.7/site-packages/scrapy/middleware.py", line 40, in from_settings
    mw = mwcls()
  File "/home/haerakai/uou_alarmi/uou_alarmi/pipelines.py", line 22, in __init__
    sys.exit(1)
NameError: global name 'sys' is not defined
2016-07-18 23:13:43 [scrapy] INFO: Scrapy 1.1.0 started (bot: uou_alarmi)
2016-07-18 23:13:43 [scrapy] INFO: Overridden settings: {'NEWSPIDER_MODULE': 'uou_alarmi.spiders', 'ROBOTSTXT_OBEY': True, 'SPIDER_MODULES': ['uou_alarmi.spiders'], 'LOG_FILE': 'logfile.log', 'BOT_NAME': 'uou_alarmi'}
2016-07-18 23:13:43 [scrapy] INFO: Enabled extensions:
['scrapy.extensions.logstats.LogStats',
 'scrapy.extensions.telnet.TelnetConsole',
 'scrapy.extensions.corestats.CoreStats']
2016-07-18 23:13:43 [scrapy] INFO: Enabled downloader middlewares:
['scrapy.downloadermiddlewares.robotstxt.RobotsTxtMiddleware',
 'scrapy.downloadermiddlewares.httpauth.HttpAuthMiddleware',
 'scrapy.downloadermiddlewares.downloadtimeout.DownloadTimeoutMiddleware',
 'scrapy.downloadermiddlewares.useragent.UserAgentMiddleware',
 'scrapy.downloadermiddlewares.retry.RetryMiddleware',
 'scrapy.downloadermiddlewares.defaultheaders.DefaultHeadersMiddleware',
 'scrapy.downloadermiddlewares.redirect.MetaRefreshMiddleware',
 'scrapy.downloadermiddlewares.httpcompression.HttpCompressionMiddleware',
 'scrapy.downloadermiddlewares.redirect.RedirectMiddleware',
 'scrapy.downloadermiddlewares.cookies.CookiesMiddleware',
 'scrapy.downloadermiddlewares.chunked.ChunkedTransferMiddleware',
 'scrapy.downloadermiddlewares.stats.DownloaderStats']
2016-07-18 23:13:43 [scrapy] INFO: Enabled spider middlewares:
['scrapy.spidermiddlewares.httperror.HttpErrorMiddleware',
 'scrapy.spidermiddlewares.offsite.OffsiteMiddleware',
 'scrapy.spidermiddlewares.referer.RefererMiddleware',
 'scrapy.spidermiddlewares.urllength.UrlLengthMiddleware',
 'scrapy.spidermiddlewares.depth.DepthMiddleware']
2016-07-18 23:13:44 [twisted] CRITICAL: Unhandled error in Deferred:
2016-07-18 23:13:44 [twisted] CRITICAL: 
Traceback (most recent call last):
  File "/home/haerakai/.virtualenvs/alarmi/local/lib/python2.7/site-packages/twisted/internet/defer.py", line 1128, in _inlineCallbacks
    result = g.send(result)
  File "/home/haerakai/.virtualenvs/alarmi/local/lib/python2.7/site-packages/scrapy/crawler.py", line 90, in crawl
    six.reraise(*exc_info)
  File "/home/haerakai/.virtualenvs/alarmi/local/lib/python2.7/site-packages/scrapy/crawler.py", line 72, in crawl
    self.engine = self._create_engine()
  File "/home/haerakai/.virtualenvs/alarmi/local/lib/python2.7/site-packages/scrapy/crawler.py", line 97, in _create_engine
    return ExecutionEngine(self, lambda _: self.stop())
  File "/home/haerakai/.virtualenvs/alarmi/local/lib/python2.7/site-packages/scrapy/core/engine.py", line 69, in __init__
    self.scraper = Scraper(crawler)
  File "/home/haerakai/.virtualenvs/alarmi/local/lib/python2.7/site-packages/scrapy/core/scraper.py", line 71, in __init__
    self.itemproc = itemproc_cls.from_crawler(crawler)
  File "/home/haerakai/.virtualenvs/alarmi/local/lib/python2.7/site-packages/scrapy/middleware.py", line 58, in from_crawler
    return cls.from_settings(crawler.settings, crawler)
  File "/home/haerakai/.virtualenvs/alarmi/local/lib/python2.7/site-packages/scrapy/middleware.py", line 40, in from_settings
    mw = mwcls()
  File "/home/haerakai/uou_alarmi/uou_alarmi/pipelines.py", line 22, in __init__
    sys.exit(1)
NameError: global name 'sys' is not defined
2016-07-18 23:14:03 [scrapy] INFO: Scrapy 1.1.0 started (bot: uou_alarmi)
2016-07-18 23:14:03 [scrapy] INFO: Overridden settings: {'NEWSPIDER_MODULE': 'uou_alarmi.spiders', 'ROBOTSTXT_OBEY': True, 'SPIDER_MODULES': ['uou_alarmi.spiders'], 'LOG_FILE': 'logfile.log', 'BOT_NAME': 'uou_alarmi'}
2016-07-18 23:14:03 [scrapy] INFO: Enabled extensions:
['scrapy.extensions.logstats.LogStats',
 'scrapy.extensions.telnet.TelnetConsole',
 'scrapy.extensions.corestats.CoreStats']
2016-07-18 23:14:03 [scrapy] INFO: Enabled downloader middlewares:
['scrapy.downloadermiddlewares.robotstxt.RobotsTxtMiddleware',
 'scrapy.downloadermiddlewares.httpauth.HttpAuthMiddleware',
 'scrapy.downloadermiddlewares.downloadtimeout.DownloadTimeoutMiddleware',
 'scrapy.downloadermiddlewares.useragent.UserAgentMiddleware',
 'scrapy.downloadermiddlewares.retry.RetryMiddleware',
 'scrapy.downloadermiddlewares.defaultheaders.DefaultHeadersMiddleware',
 'scrapy.downloadermiddlewares.redirect.MetaRefreshMiddleware',
 'scrapy.downloadermiddlewares.httpcompression.HttpCompressionMiddleware',
 'scrapy.downloadermiddlewares.redirect.RedirectMiddleware',
 'scrapy.downloadermiddlewares.cookies.CookiesMiddleware',
 'scrapy.downloadermiddlewares.chunked.ChunkedTransferMiddleware',
 'scrapy.downloadermiddlewares.stats.DownloaderStats']
2016-07-18 23:14:03 [scrapy] INFO: Enabled spider middlewares:
['scrapy.spidermiddlewares.httperror.HttpErrorMiddleware',
 'scrapy.spidermiddlewares.offsite.OffsiteMiddleware',
 'scrapy.spidermiddlewares.referer.RefererMiddleware',
 'scrapy.spidermiddlewares.urllength.UrlLengthMiddleware',
 'scrapy.spidermiddlewares.depth.DepthMiddleware']
2016-07-18 23:14:03 [twisted] CRITICAL: Unhandled error in Deferred:
2016-07-18 23:14:03 [twisted] CRITICAL: 
Traceback (most recent call last):
  File "/home/haerakai/.virtualenvs/alarmi/local/lib/python2.7/site-packages/twisted/internet/defer.py", line 1128, in _inlineCallbacks
    result = g.send(result)
  File "/home/haerakai/.virtualenvs/alarmi/local/lib/python2.7/site-packages/scrapy/crawler.py", line 72, in crawl
    self.engine = self._create_engine()
  File "/home/haerakai/.virtualenvs/alarmi/local/lib/python2.7/site-packages/scrapy/crawler.py", line 97, in _create_engine
    return ExecutionEngine(self, lambda _: self.stop())
  File "/home/haerakai/.virtualenvs/alarmi/local/lib/python2.7/site-packages/scrapy/core/engine.py", line 69, in __init__
    self.scraper = Scraper(crawler)
  File "/home/haerakai/.virtualenvs/alarmi/local/lib/python2.7/site-packages/scrapy/core/scraper.py", line 71, in __init__
    self.itemproc = itemproc_cls.from_crawler(crawler)
  File "/home/haerakai/.virtualenvs/alarmi/local/lib/python2.7/site-packages/scrapy/middleware.py", line 58, in from_crawler
    return cls.from_settings(crawler.settings, crawler)
  File "/home/haerakai/.virtualenvs/alarmi/local/lib/python2.7/site-packages/scrapy/middleware.py", line 40, in from_settings
    mw = mwcls()
  File "/home/haerakai/uou_alarmi/uou_alarmi/pipelines.py", line 23, in __init__
    sys.exit(1)
SystemExit: 1
2016-07-18 23:14:25 [scrapy] INFO: Scrapy 1.1.0 started (bot: uou_alarmi)
2016-07-18 23:14:25 [scrapy] INFO: Overridden settings: {'NEWSPIDER_MODULE': 'uou_alarmi.spiders', 'ROBOTSTXT_OBEY': True, 'SPIDER_MODULES': ['uou_alarmi.spiders'], 'LOG_FILE': 'logfile.log', 'BOT_NAME': 'uou_alarmi'}
2016-07-18 23:14:25 [scrapy] INFO: Enabled extensions:
['scrapy.extensions.logstats.LogStats',
 'scrapy.extensions.telnet.TelnetConsole',
 'scrapy.extensions.corestats.CoreStats']
2016-07-18 23:14:25 [scrapy] INFO: Enabled downloader middlewares:
['scrapy.downloadermiddlewares.robotstxt.RobotsTxtMiddleware',
 'scrapy.downloadermiddlewares.httpauth.HttpAuthMiddleware',
 'scrapy.downloadermiddlewares.downloadtimeout.DownloadTimeoutMiddleware',
 'scrapy.downloadermiddlewares.useragent.UserAgentMiddleware',
 'scrapy.downloadermiddlewares.retry.RetryMiddleware',
 'scrapy.downloadermiddlewares.defaultheaders.DefaultHeadersMiddleware',
 'scrapy.downloadermiddlewares.redirect.MetaRefreshMiddleware',
 'scrapy.downloadermiddlewares.httpcompression.HttpCompressionMiddleware',
 'scrapy.downloadermiddlewares.redirect.RedirectMiddleware',
 'scrapy.downloadermiddlewares.cookies.CookiesMiddleware',
 'scrapy.downloadermiddlewares.chunked.ChunkedTransferMiddleware',
 'scrapy.downloadermiddlewares.stats.DownloaderStats']
2016-07-18 23:14:25 [scrapy] INFO: Enabled spider middlewares:
['scrapy.spidermiddlewares.httperror.HttpErrorMiddleware',
 'scrapy.spidermiddlewares.offsite.OffsiteMiddleware',
 'scrapy.spidermiddlewares.referer.RefererMiddleware',
 'scrapy.spidermiddlewares.urllength.UrlLengthMiddleware',
 'scrapy.spidermiddlewares.depth.DepthMiddleware']
2016-07-18 23:14:25 [twisted] CRITICAL: Unhandled error in Deferred:
2016-07-18 23:14:25 [twisted] CRITICAL: 
Traceback (most recent call last):
  File "/home/haerakai/.virtualenvs/alarmi/local/lib/python2.7/site-packages/twisted/internet/defer.py", line 1128, in _inlineCallbacks
    result = g.send(result)
  File "/home/haerakai/.virtualenvs/alarmi/local/lib/python2.7/site-packages/scrapy/crawler.py", line 72, in crawl
    self.engine = self._create_engine()
  File "/home/haerakai/.virtualenvs/alarmi/local/lib/python2.7/site-packages/scrapy/crawler.py", line 97, in _create_engine
    return ExecutionEngine(self, lambda _: self.stop())
  File "/home/haerakai/.virtualenvs/alarmi/local/lib/python2.7/site-packages/scrapy/core/engine.py", line 69, in __init__
    self.scraper = Scraper(crawler)
  File "/home/haerakai/.virtualenvs/alarmi/local/lib/python2.7/site-packages/scrapy/core/scraper.py", line 71, in __init__
    self.itemproc = itemproc_cls.from_crawler(crawler)
  File "/home/haerakai/.virtualenvs/alarmi/local/lib/python2.7/site-packages/scrapy/middleware.py", line 58, in from_crawler
    return cls.from_settings(crawler.settings, crawler)
  File "/home/haerakai/.virtualenvs/alarmi/local/lib/python2.7/site-packages/scrapy/middleware.py", line 40, in from_settings
    mw = mwcls()
  File "/home/haerakai/uou_alarmi/uou_alarmi/pipelines.py", line 23, in __init__
    sys.exit(1)
SystemExit: 1
2016-07-18 23:15:32 [scrapy] INFO: Scrapy 1.1.0 started (bot: uou_alarmi)
2016-07-18 23:15:32 [scrapy] INFO: Overridden settings: {'NEWSPIDER_MODULE': 'uou_alarmi.spiders', 'ROBOTSTXT_OBEY': True, 'SPIDER_MODULES': ['uou_alarmi.spiders'], 'LOG_FILE': 'logfile.log', 'BOT_NAME': 'uou_alarmi'}
2016-07-18 23:15:32 [scrapy] INFO: Enabled extensions:
['scrapy.extensions.logstats.LogStats',
 'scrapy.extensions.telnet.TelnetConsole',
 'scrapy.extensions.corestats.CoreStats']
2016-07-18 23:15:32 [scrapy] INFO: Enabled downloader middlewares:
['scrapy.downloadermiddlewares.robotstxt.RobotsTxtMiddleware',
 'scrapy.downloadermiddlewares.httpauth.HttpAuthMiddleware',
 'scrapy.downloadermiddlewares.downloadtimeout.DownloadTimeoutMiddleware',
 'scrapy.downloadermiddlewares.useragent.UserAgentMiddleware',
 'scrapy.downloadermiddlewares.retry.RetryMiddleware',
 'scrapy.downloadermiddlewares.defaultheaders.DefaultHeadersMiddleware',
 'scrapy.downloadermiddlewares.redirect.MetaRefreshMiddleware',
 'scrapy.downloadermiddlewares.httpcompression.HttpCompressionMiddleware',
 'scrapy.downloadermiddlewares.redirect.RedirectMiddleware',
 'scrapy.downloadermiddlewares.cookies.CookiesMiddleware',
 'scrapy.downloadermiddlewares.chunked.ChunkedTransferMiddleware',
 'scrapy.downloadermiddlewares.stats.DownloaderStats']
2016-07-18 23:15:32 [scrapy] INFO: Enabled spider middlewares:
['scrapy.spidermiddlewares.httperror.HttpErrorMiddleware',
 'scrapy.spidermiddlewares.offsite.OffsiteMiddleware',
 'scrapy.spidermiddlewares.referer.RefererMiddleware',
 'scrapy.spidermiddlewares.urllength.UrlLengthMiddleware',
 'scrapy.spidermiddlewares.depth.DepthMiddleware']
2016-07-18 23:15:32 [scrapy] INFO: Enabled item pipelines:
['uou_alarmi.pipelines.UouAlarmiPipeline']
2016-07-18 23:15:32 [scrapy] INFO: Spider opened
2016-07-18 23:15:32 [scrapy] INFO: Crawled 0 pages (at 0 pages/min), scraped 0 items (at 0 items/min)
2016-07-18 23:15:32 [scrapy] DEBUG: Telnet console listening on 127.0.0.1:6023
2016-07-18 23:15:32 [scrapy] DEBUG: Crawled (200) <GET http://www.ulsan.ac.kr/robots.txt> (referer: None)
2016-07-18 23:15:32 [scrapy] DEBUG: Crawled (200) <GET http://www.ulsan.ac.kr/utopia/info/barter/barter.aspx?o=L> (referer: None)
2016-07-18 23:15:32 [scrapy] DEBUG: Crawled (200) <GET http://www.ulsan.ac.kr/utopia/info/room/room.aspx?o=L> (referer: None)
2016-07-18 23:15:32 [scrapy] DEBUG: Crawled (200) <GET http://www.ulsan.ac.kr/utopia/info/arbeit/arbeit.aspx?o=L> (referer: None)
2016-07-18 23:15:32 [scrapy] DEBUG: Scraped from <200 http://www.ulsan.ac.kr/utopia/info/barter/barter.aspx?o=L>
{'category': 'barter',
 'date': u'2016.07.18',
 'link': u'barter.aspx?o=R&a_no=28562',
 'name': u'\uae40\ub2e4\uc740',
 'num': u'8023',
 'title': u'\uc2a4\ud53c\ub2dd 3\uac1c\uc6d4 \uc774\uc6a9\uad8c\ud31d\ub2c8\ub2e4!!'}
2016-07-18 23:15:32 [scrapy] DEBUG: Scraped from <200 http://www.ulsan.ac.kr/utopia/info/barter/barter.aspx?o=L>
{'category': 'barter',
 'date': u'2016.07.18',
 'link': u'barter.aspx?o=R&a_no=28561',
 'name': u'\ub178\uc720\uc9c4',
 'num': u'8022',
 'title': u'\uc778\uc2a4\ud0c1\uc2a47s + \ud544\ub98410\uc7a5 (\uc0c8\uc0c1\ud488) 4\ub9cc5\ucc9c\uc6d0\uc5d0 \ud310\ub9e4\ud569\ub2c8\ub2e4 '}
2016-07-18 23:15:32 [scrapy] DEBUG: Scraped from <200 http://www.ulsan.ac.kr/utopia/info/room/room.aspx?o=L>
{'category': 'room',
 'cost': u'200\ub9cc\uc6d0 22',
 'date': u'2016.07.18',
 'link': u'room.aspx?o=R&a_no=20635',
 'location': u'\ud6c4\ubb38 \uacbd\ube44\uc2e4\uc55e',
 'num': u'10289',
 'title': u'\uc6b8\uc0b0\ub300 \ud6c4\ubb38 \uc785\uad6c \uc6d0\ub8f8'}
2016-07-18 23:15:32 [scrapy] DEBUG: Scraped from <200 http://www.ulsan.ac.kr/utopia/info/room/room.aspx?o=L>
{'category': 'room',
 'cost': u'500/43',
 'date': u'2016.07.18',
 'link': u'room.aspx?o=R&a_no=20634',
 'location': u'\uc6b8\uc0b0\uacfc\ud559\ub300 \ud6c4\ubb38',
 'num': u'10288',
 'title': u'\uc6b8\uc0b0\uacfc\ud559\ub300 \ud6c4\ubb38 5\ubd84\uac70\ub9ac \uc6d0\ub8f8 \ub4e4\uc5b4\uc624\uc2e4\ubd84 \u3160\u3160 \uae09\ud558\uac8c \uad6c\ud574\uc694'}
2016-07-18 23:15:32 [scrapy] DEBUG: Scraped from <200 http://www.ulsan.ac.kr/utopia/info/arbeit/arbeit.aspx?o=L>
{'category': 'arbeit',
 'date': u'16.07.18',
 'link': u'arbeit.aspx?o=R&a_no=29999',
 'name': u'\uacfc\uc77c\uac00\uac8c',
 'num': u'29999',
 'title': u'\uc218\uc554\uc2dc\uc7a5 \uccad\uacfc\uac00\uac8c'}
2016-07-18 23:15:32 [scrapy] DEBUG: Scraped from <200 http://www.ulsan.ac.kr/utopia/info/arbeit/arbeit.aspx?o=L>
{'category': 'arbeit',
 'date': u'16.07.18',
 'link': u'arbeit.aspx?o=R&a_no=29998',
 'name': u'\ubdf0\ub378\ub2e4\uc774\uc5b4\ud2b8',
 'num': u'29998',
 'title': u'\ubdf0\ub378\ub2e4\uc774\uc5b4\ud2b8\ud64d\ubcf4'}
2016-07-18 23:15:32 [scrapy] INFO: Closing spider (finished)
2016-07-18 23:15:32 [scrapy] INFO: Dumping Scrapy stats:
{'downloader/request_bytes': 960,
 'downloader/request_count': 4,
 'downloader/request_method_count/GET': 4,
 'downloader/response_bytes': 30543,
 'downloader/response_count': 4,
 'downloader/response_status_count/200': 4,
 'finish_reason': 'finished',
 'finish_time': datetime.datetime(2016, 7, 18, 14, 15, 32, 953008),
 'item_scraped_count': 6,
 'log_count/DEBUG': 11,
 'log_count/INFO': 7,
 'response_received_count': 4,
 'scheduler/dequeued': 3,
 'scheduler/dequeued/memory': 3,
 'scheduler/enqueued': 3,
 'scheduler/enqueued/memory': 3,
 'start_time': datetime.datetime(2016, 7, 18, 14, 15, 32, 424451)}
2016-07-18 23:15:32 [scrapy] INFO: Spider closed (finished)
2016-07-18 23:15:44 [scrapy] INFO: Scrapy 1.1.0 started (bot: uou_alarmi)
2016-07-18 23:15:44 [scrapy] INFO: Overridden settings: {'NEWSPIDER_MODULE': 'uou_alarmi.spiders', 'ROBOTSTXT_OBEY': True, 'SPIDER_MODULES': ['uou_alarmi.spiders'], 'LOG_FILE': 'logfile.log', 'BOT_NAME': 'uou_alarmi'}
2016-07-18 23:15:44 [scrapy] INFO: Enabled extensions:
['scrapy.extensions.logstats.LogStats',
 'scrapy.extensions.telnet.TelnetConsole',
 'scrapy.extensions.corestats.CoreStats']
2016-07-18 23:15:44 [scrapy] INFO: Enabled downloader middlewares:
['scrapy.downloadermiddlewares.robotstxt.RobotsTxtMiddleware',
 'scrapy.downloadermiddlewares.httpauth.HttpAuthMiddleware',
 'scrapy.downloadermiddlewares.downloadtimeout.DownloadTimeoutMiddleware',
 'scrapy.downloadermiddlewares.useragent.UserAgentMiddleware',
 'scrapy.downloadermiddlewares.retry.RetryMiddleware',
 'scrapy.downloadermiddlewares.defaultheaders.DefaultHeadersMiddleware',
 'scrapy.downloadermiddlewares.redirect.MetaRefreshMiddleware',
 'scrapy.downloadermiddlewares.httpcompression.HttpCompressionMiddleware',
 'scrapy.downloadermiddlewares.redirect.RedirectMiddleware',
 'scrapy.downloadermiddlewares.cookies.CookiesMiddleware',
 'scrapy.downloadermiddlewares.chunked.ChunkedTransferMiddleware',
 'scrapy.downloadermiddlewares.stats.DownloaderStats']
2016-07-18 23:15:44 [scrapy] INFO: Enabled spider middlewares:
['scrapy.spidermiddlewares.httperror.HttpErrorMiddleware',
 'scrapy.spidermiddlewares.offsite.OffsiteMiddleware',
 'scrapy.spidermiddlewares.referer.RefererMiddleware',
 'scrapy.spidermiddlewares.urllength.UrlLengthMiddleware',
 'scrapy.spidermiddlewares.depth.DepthMiddleware']
2016-07-18 23:15:44 [scrapy] INFO: Enabled item pipelines:
['uou_alarmi.pipelines.UouAlarmiPipeline']
2016-07-18 23:15:44 [scrapy] INFO: Spider opened
2016-07-18 23:15:44 [scrapy] INFO: Crawled 0 pages (at 0 pages/min), scraped 0 items (at 0 items/min)
2016-07-18 23:15:44 [scrapy] DEBUG: Telnet console listening on 127.0.0.1:6023
2016-07-18 23:15:44 [scrapy] DEBUG: Crawled (200) <GET http://www.ulsan.ac.kr/robots.txt> (referer: None)
2016-07-18 23:15:44 [scrapy] DEBUG: Crawled (200) <GET http://www.ulsan.ac.kr/utopia/info/barter/barter.aspx?o=L> (referer: None)
2016-07-18 23:15:44 [scrapy] DEBUG: Crawled (200) <GET http://www.ulsan.ac.kr/utopia/info/room/room.aspx?o=L> (referer: None)
2016-07-18 23:15:44 [scrapy] DEBUG: Crawled (200) <GET http://www.ulsan.ac.kr/utopia/info/arbeit/arbeit.aspx?o=L> (referer: None)
2016-07-18 23:15:44 [scrapy] DEBUG: Scraped from <200 http://www.ulsan.ac.kr/utopia/info/barter/barter.aspx?o=L>
{'category': 'barter',
 'date': u'2016.07.18',
 'link': u'barter.aspx?o=R&a_no=28562',
 'name': u'\uae40\ub2e4\uc740',
 'num': u'8023',
 'title': u'\uc2a4\ud53c\ub2dd 3\uac1c\uc6d4 \uc774\uc6a9\uad8c\ud31d\ub2c8\ub2e4!!'}
2016-07-18 23:15:44 [scrapy] DEBUG: Scraped from <200 http://www.ulsan.ac.kr/utopia/info/barter/barter.aspx?o=L>
{'category': 'barter',
 'date': u'2016.07.18',
 'link': u'barter.aspx?o=R&a_no=28561',
 'name': u'\ub178\uc720\uc9c4',
 'num': u'8022',
 'title': u'\uc778\uc2a4\ud0c1\uc2a47s + \ud544\ub98410\uc7a5 (\uc0c8\uc0c1\ud488) 4\ub9cc5\ucc9c\uc6d0\uc5d0 \ud310\ub9e4\ud569\ub2c8\ub2e4 '}
2016-07-18 23:15:44 [scrapy] DEBUG: Scraped from <200 http://www.ulsan.ac.kr/utopia/info/room/room.aspx?o=L>
{'category': 'room',
 'cost': u'200\ub9cc\uc6d0 22',
 'date': u'2016.07.18',
 'link': u'room.aspx?o=R&a_no=20635',
 'location': u'\ud6c4\ubb38 \uacbd\ube44\uc2e4\uc55e',
 'num': u'10289',
 'title': u'\uc6b8\uc0b0\ub300 \ud6c4\ubb38 \uc785\uad6c \uc6d0\ub8f8'}
2016-07-18 23:15:44 [scrapy] DEBUG: Scraped from <200 http://www.ulsan.ac.kr/utopia/info/room/room.aspx?o=L>
{'category': 'room',
 'cost': u'500/43',
 'date': u'2016.07.18',
 'link': u'room.aspx?o=R&a_no=20634',
 'location': u'\uc6b8\uc0b0\uacfc\ud559\ub300 \ud6c4\ubb38',
 'num': u'10288',
 'title': u'\uc6b8\uc0b0\uacfc\ud559\ub300 \ud6c4\ubb38 5\ubd84\uac70\ub9ac \uc6d0\ub8f8 \ub4e4\uc5b4\uc624\uc2e4\ubd84 \u3160\u3160 \uae09\ud558\uac8c \uad6c\ud574\uc694'}
2016-07-18 23:15:44 [scrapy] DEBUG: Scraped from <200 http://www.ulsan.ac.kr/utopia/info/arbeit/arbeit.aspx?o=L>
{'category': 'arbeit',
 'date': u'16.07.18',
 'link': u'arbeit.aspx?o=R&a_no=29999',
 'name': u'\uacfc\uc77c\uac00\uac8c',
 'num': u'29999',
 'title': u'\uc218\uc554\uc2dc\uc7a5 \uccad\uacfc\uac00\uac8c'}
2016-07-18 23:15:44 [scrapy] DEBUG: Scraped from <200 http://www.ulsan.ac.kr/utopia/info/arbeit/arbeit.aspx?o=L>
{'category': 'arbeit',
 'date': u'16.07.18',
 'link': u'arbeit.aspx?o=R&a_no=29998',
 'name': u'\ubdf0\ub378\ub2e4\uc774\uc5b4\ud2b8',
 'num': u'29998',
 'title': u'\ubdf0\ub378\ub2e4\uc774\uc5b4\ud2b8\ud64d\ubcf4'}
2016-07-18 23:15:44 [scrapy] INFO: Closing spider (finished)
2016-07-18 23:15:44 [scrapy] INFO: Dumping Scrapy stats:
{'downloader/request_bytes': 960,
 'downloader/request_count': 4,
 'downloader/request_method_count/GET': 4,
 'downloader/response_bytes': 30543,
 'downloader/response_count': 4,
 'downloader/response_status_count/200': 4,
 'finish_reason': 'finished',
 'finish_time': datetime.datetime(2016, 7, 18, 14, 15, 44, 640591),
 'item_scraped_count': 6,
 'log_count/DEBUG': 11,
 'log_count/INFO': 7,
 'response_received_count': 4,
 'scheduler/dequeued': 3,
 'scheduler/dequeued/memory': 3,
 'scheduler/enqueued': 3,
 'scheduler/enqueued/memory': 3,
 'start_time': datetime.datetime(2016, 7, 18, 14, 15, 44, 142630)}
2016-07-18 23:15:44 [scrapy] INFO: Spider closed (finished)
